TN:
SF:src/index.ts
FN:1,(empty-report)
FNF:1
FNH:0
FNDA:0,(empty-report)
DA:1,0
LF:1
LH:0
BRDA:1,0,0,0
BRF:1
BRH:0
end_of_record
TN:
SF:src/mongoose-seedwork/base.ts
FN:1,(empty-report)
FNF:1
FNH:1
FNDA:1,(empty-report)
DA:21,0
DA:22,0
DA:23,0
DA:24,0
DA:33,0
DA:43,0
DA:44,0
DA:45,0
LF:8
LH:0
BRDA:1,0,0,1
BRF:1
BRH:1
end_of_record
TN:
SF:src/mongoose-seedwork/index.ts
FN:1,(empty-report)
FNF:1
FNH:0
FNDA:0,(empty-report)
DA:1,0
DA:2,0
DA:3,0
DA:4,0
DA:5,0
DA:6,0
DA:7,0
LF:7
LH:0
BRDA:1,0,0,0
BRF:1
BRH:0
end_of_record
TN:
SF:src/mongoose-seedwork/mongo-connection.ts
FN:36,modelFactory
FNF:1
FNH:1
FNDA:2,modelFactory
DA:36,1
DA:37,2
DA:38,2
DA:39,2
DA:40,2
DA:47,2
DA:48,1
DA:49,1
DA:50,1
DA:51,1
DA:53,2
DA:54,2
LF:12
LH:12
BRDA:36,0,0,2
BRDA:40,1,0,2
BRDA:47,2,0,1
BRF:3
BRH:3
end_of_record
TN:
SF:src/mongoose-seedwork/mongo-domain-adapter.ts
FN:11,<instance_members_initializer>
FN:13,MongooseDomainAdapter
FN:16,get id
FN:19,get createdAt
FN:22,get updatedAt
FN:25,get schemaVersion
FNF:6
FNH:6
FNDA:25,<instance_members_initializer>
FNDA:25,MongooseDomainAdapter
FNDA:19,get id
FNDA:1,get createdAt
FNDA:1,get updatedAt
FNDA:1,get schemaVersion
DA:9,1
DA:11,25
DA:12,25
DA:13,25
DA:14,25
DA:15,25
DA:16,25
DA:17,19
DA:18,19
DA:19,25
DA:20,1
DA:21,1
DA:22,25
DA:23,1
DA:24,1
DA:25,25
DA:26,1
DA:27,1
DA:28,25
LF:19
LH:19
BRDA:11,0,0,25
BRDA:13,1,0,25
BRDA:16,2,0,19
BRDA:19,3,0,1
BRDA:22,4,0,1
BRDA:25,5,0,1
BRF:6
BRH:6
end_of_record
TN:
SF:src/mongoose-seedwork/mongo-repository.ts
FN:11,<instance_members_initializer>
FN:24,MongoRepositoryBase
FN:43,get
FN:51,save
FN:86,getIntegrationEvents
FN:97,create
FNF:6
FNH:6
FNDA:46,<instance_members_initializer>
FNDA:46,MongoRepositoryBase
FNDA:18,get
FNDA:20,save
FNDA:10,getIntegrationEvents
FNDA:18,create
DA:2,1
DA:5,1
DA:11,46
DA:12,46
DA:13,46
DA:14,46
DA:15,46
DA:21,46
DA:22,46
DA:24,46
DA:25,46
DA:26,46
DA:27,46
DA:33,46
DA:34,46
DA:35,46
DA:36,46
DA:37,46
DA:38,46
DA:39,46
DA:40,46
DA:41,46
DA:43,46
DA:44,18
DA:45,18
DA:46,1
DA:47,1
DA:48,16
DA:49,18
DA:51,46
DA:52,20
DA:54,20
DA:55,20
DA:56,15
DA:58,15
DA:59,15
DA:60,15
DA:61,15
DA:62,11
DA:63,16
DA:64,16
DA:65,16
DA:66,20
DA:67,1
DA:68,1
DA:69,1
DA:70,1
DA:71,1
DA:72,20
DA:73,15
DA:74,15
DA:75,15
DA:76,15
DA:77,14
DA:78,14
DA:79,14
DA:80,20
DA:81,1
DA:82,1
DA:83,1
DA:84,20
DA:86,46
DA:88,10
DA:89,10
DA:90,12
DA:91,12
DA:92,12
DA:93,10
DA:94,10
DA:95,10
DA:97,46
DA:109,18
DA:110,18
DA:111,18
DA:117,18
DA:118,18
DA:119,18
DA:131,18
DA:132,18
DA:133,18
DA:134,46
LF:81
LH:81
BRDA:11,0,0,46
BRDA:24,1,0,46
BRDA:43,2,0,18
BRDA:44,3,0,17
BRDA:45,4,0,1
BRDA:47,5,0,16
BRDA:51,6,0,20
BRDA:55,7,0,15
BRDA:61,8,0,11
BRDA:62,9,0,16
BRDA:66,10,0,1
BRDA:72,11,0,15
BRDA:76,12,0,14
BRDA:80,13,0,1
BRDA:86,14,0,10
BRDA:89,15,0,12
BRDA:94,16,0,12
BRDA:97,17,0,18
BRF:18
BRH:18
end_of_record
TN:
SF:src/mongoose-seedwork/mongo-type-converter.ts
FN:20,<instance_members_initializer>
FN:29,MongoTypeConverter
FN:40,toDomain
FN:44,toPersistence
FN:48,toAdapter
FNF:5
FNH:5
FNDA:5,<instance_members_initializer>
FNDA:5,MongoTypeConverter
FNDA:21,toDomain
FNDA:20,toPersistence
FNDA:25,toAdapter
DA:5,1
DA:20,5
DA:21,5
DA:24,5
DA:29,5
DA:30,5
DA:31,5
DA:35,5
DA:36,5
DA:37,5
DA:38,5
DA:40,5
DA:41,21
DA:42,21
DA:44,5
DA:45,20
DA:46,20
DA:48,5
DA:49,25
DA:50,1
DA:51,1
DA:52,24
DA:53,25
DA:54,5
LF:24
LH:24
BRDA:20,0,0,5
BRDA:29,1,0,5
BRDA:40,2,0,21
BRDA:44,3,0,20
BRDA:48,4,0,25
BRDA:49,5,0,1
BRDA:51,6,0,24
BRF:7
BRH:7
end_of_record
TN:
SF:src/mongoose-seedwork/mongo-unit-of-work.ts
FN:19,<instance_members_initializer>
FN:43,MongoUnitOfWork
FN:75,withTransaction
FNF:3
FNH:3
FNDA:25,<instance_members_initializer>
FNDA:25,MongoUnitOfWork
FNDA:16,withTransaction
DA:1,1
DA:2,1
DA:6,1
DA:19,25
DA:20,25
DA:21,25
DA:27,25
DA:28,25
DA:30,25
DA:43,25
DA:45,25
DA:46,25
DA:47,25
DA:48,25
DA:54,25
DA:66,25
DA:68,25
DA:69,25
DA:70,25
DA:71,25
DA:72,25
DA:73,25
DA:75,25
DA:76,16
DA:77,16
DA:78,16
DA:79,16
DA:80,16
DA:82,16
DA:83,17
DA:84,17
DA:85,17
DA:86,17
DA:87,17
DA:88,17
DA:89,17
DA:90,17
DA:91,17
DA:92,17
DA:93,17
DA:94,17
DA:96,17
DA:97,5
DA:98,5
DA:99,5
DA:100,5
DA:101,12
DA:102,16
DA:103,11
DA:105,16
DA:106,5
DA:107,5
DA:110,5
DA:111,5
DA:112,4
DA:113,4
DA:114,16
DA:115,25
LF:58
LH:58
BRDA:19,0,0,25
BRDA:43,1,0,25
BRDA:75,2,0,16
BRDA:102,3,0,11
BRDA:105,4,0,5
BRDA:111,5,0,4
BRDA:113,6,0,10
BRDA:82,7,0,17
BRDA:94,8,0,12
BRDA:96,9,0,5
BRDA:100,10,0,12
BRF:11
BRH:11
end_of_record
TN:
SF:src/mongoose-seedwork/mongoose-prop-array.ts
FN:18,<instance_members_initializer>
FN:24,MongoosePropArray
FN:31,addItem
FN:39,removeItem
FN:42,removeAll
FN:58,getNewItem
FN:68,get items
FNF:7
FNH:7
FNDA:5,<instance_members_initializer>
FNDA:5,MongoosePropArray
FNDA:1,addItem
FNDA:1,removeItem
FNDA:1,removeAll
FNDA:1,getNewItem
FNDA:1,get items
DA:3,1
DA:14,1
DA:18,5
DA:19,5
DA:20,5
DA:24,5
DA:25,5
DA:26,5
DA:27,5
DA:28,5
DA:29,5
DA:30,5
DA:31,5
DA:32,1
DA:33,1
DA:34,1
DA:35,0
DA:36,0
DA:37,1
DA:38,1
DA:39,5
DA:40,1
DA:41,1
DA:42,5
DA:43,1
DA:44,1
DA:45,1
DA:58,5
DA:64,1
DA:65,1
DA:66,1
DA:67,1
DA:68,5
DA:69,1
DA:70,1
DA:71,5
LF:36
LH:34
BRDA:18,0,0,5
BRDA:24,1,0,5
BRDA:31,2,0,1
BRDA:34,3,0,0
BRDA:39,4,0,1
BRDA:42,5,0,1
BRDA:43,6,0,2
BRDA:44,7,0,2
BRDA:58,8,0,1
BRDA:68,9,0,1
BRDA:69,10,0,2
BRF:11
BRH:10
end_of_record
