TN:
SF:src/in-proc-event-bus.ts
FN:3,<static_initializer>
FN:3,<instance_members_initializer>
FN:9,dispatch
FN:26,register
FN:46,getInstance
FNF:5
FNH:5
FNDA:1,<static_initializer>
FNDA:1,<instance_members_initializer>
FNDA:5,dispatch
FNDA:7,register
FNDA:1,getInstance
DA:3,1
DA:4,1
DA:6,1
DA:7,1
DA:9,1
DA:10,5
DA:11,5
DA:12,5
DA:13,5
DA:14,5
DA:15,5
DA:16,5
DA:17,5
DA:18,5
DA:19,5
DA:20,6
DA:21,5
DA:22,4
DA:23,5
DA:24,5
DA:26,1
DA:27,7
DA:28,7
DA:29,7
DA:30,7
DA:31,7
DA:34,7
DA:35,7
DA:38,7
DA:39,6
DA:40,6
DA:41,6
DA:42,6
DA:43,7
DA:44,7
DA:46,1
DA:47,1
DA:48,1
DA:49,1
DA:50,1
DA:51,1
DA:52,1
DA:54,1
LF:43
LH:43
BRDA:3,0,0,1
BRDA:3,1,0,1
BRDA:9,2,0,5
BRDA:19,3,0,6
BRDA:20,4,0,5
BRDA:21,5,0,4
BRDA:26,6,0,7
BRDA:38,7,0,6
BRDA:42,8,0,5
BRDA:46,9,0,1
BRF:10
BRH:10
end_of_record
TN:
SF:src/index.ts
FN:1,(empty-report)
FNF:1
FNH:0
FNDA:0,(empty-report)
DA:1,0
DA:2,0
LF:2
LH:0
BRDA:1,0,0,0
BRF:1
BRH:0
end_of_record
TN:
SF:src/node-event-bus.ts
FN:12,<instance_members_initializer>
FN:15,BroadCaster
FN:19,broadcast
FN:29,on
FN:39,removeAllListeners
FN:50,<static_initializer>
FN:50,<instance_members_initializer>
FN:54,NodeEventBusImpl
FN:58,removeAllListeners
FN:63,dispatch
FN:103,register
FN:170,getInstance
FNF:12
FNH:12
FNDA:1,<instance_members_initializer>
FNDA:1,BroadCaster
FNDA:11,broadcast
FNDA:14,on
FNDA:14,removeAllListeners
FNDA:1,<static_initializer>
FNDA:1,<instance_members_initializer>
FNDA:1,NodeEventBusImpl
FNDA:14,removeAllListeners
FNDA:12,dispatch
FNDA:14,register
FNDA:1,getInstance
DA:1,1
DA:2,1
DA:4,1
DA:8,1
DA:9,1
DA:10,1
DA:12,1
DA:13,1
DA:15,1
DA:16,1
DA:17,1
DA:19,1
DA:21,11
DA:25,11
DA:26,13
DA:27,13
DA:28,11
DA:29,1
DA:30,14
DA:31,14
DA:32,14
DA:33,14
DA:35,13
DA:36,14
DA:37,14
DA:39,1
DA:40,14
DA:41,14
DA:42,14
DA:43,1
DA:50,1
DA:51,1
DA:52,1
DA:54,1
DA:55,1
DA:56,1
DA:58,1
DA:59,14
DA:60,14
DA:63,1
DA:64,12
DA:65,12
DA:66,12
DA:67,12
DA:68,12
DA:69,12
DA:71,12
DA:72,12
DA:74,12
DA:75,12
DA:76,12
DA:77,12
DA:78,12
DA:79,12
DA:80,12
DA:81,12
DA:82,12
DA:83,12
DA:85,12
DA:86,12
DA:87,12
DA:88,12
DA:89,12
DA:90,11
DA:91,11
DA:92,11
DA:93,11
DA:94,12
DA:95,1
DA:96,1
DA:97,12
DA:98,12
DA:99,12
DA:100,12
DA:101,12
DA:103,1
DA:104,14
DA:105,14
DA:106,14
DA:107,14
DA:109,14
DA:110,13
DA:111,13
DA:112,13
DA:113,13
DA:114,13
DA:115,13
DA:116,13
DA:117,13
DA:118,13
DA:120,13
DA:121,13
DA:122,13
DA:123,13
DA:124,13
DA:126,13
DA:127,13
DA:128,13
DA:129,13
DA:130,13
DA:134,13
DA:135,13
DA:136,13
DA:137,13
DA:138,13
DA:139,13
DA:141,13
DA:142,13
DA:143,13
DA:144,13
DA:145,13
DA:146,13
DA:147,13
DA:148,9
DA:149,9
DA:150,9
DA:151,9
DA:152,13
DA:153,4
DA:154,4
DA:155,4
DA:156,4
DA:157,4
DA:158,4
DA:159,4
DA:160,4
DA:161,4
DA:162,13
DA:163,13
DA:164,13
DA:165,13
DA:166,13
DA:167,14
DA:168,14
DA:170,1
DA:172,1
DA:173,1
DA:174,1
DA:175,1
DA:176,1
DA:177,1
DA:179,1
LF:142
LH:142
BRDA:12,0,0,1
BRDA:15,1,0,1
BRDA:19,2,0,11
BRDA:25,3,0,13
BRDA:29,4,0,14
BRDA:33,5,0,13
BRDA:39,6,0,14
BRDA:50,7,0,1
BRDA:50,8,0,1
BRDA:54,9,0,1
BRDA:58,10,0,14
BRDA:63,11,0,12
BRDA:75,12,0,12
BRDA:89,13,0,11
BRDA:94,14,0,1
BRDA:103,15,0,14
BRDA:109,16,0,13
BRDA:118,17,0,13
BRDA:121,18,0,13
BRDA:147,19,0,9
BRDA:152,20,0,4
BRDA:170,21,0,1
BRF:22
BRH:22
end_of_record
TN:
SF:src/sync-domain-event-bus.ts
FN:15,<instance_members_initializer>
FN:17,get payload
FN:23,set payload
FNF:3
FNH:3
FNDA:2,<instance_members_initializer>
FNDA:2,get payload
FNDA:1,set payload
DA:12,1
DA:15,2
DA:16,2
DA:17,2
DA:18,2
DA:19,1
DA:20,1
DA:21,1
DA:22,2
DA:23,2
DA:24,1
DA:25,1
DA:26,2
LF:13
LH:13
BRDA:15,0,0,2
BRDA:17,1,0,2
BRDA:18,2,0,1
BRDA:23,3,0,1
BRF:4
BRH:4
end_of_record
