TN:
SF:src/index.ts
FNF:0
FNH:0
DA:1,1
DA:2,1
LF:2
LH:2
BRF:0
BRH:0
end_of_record
TN:
SF:src/domain-seedwork/aggregate-root.ts
FN:18,<instance_members_initializer>
FN:21,AggregateRoot
FN:27,get isDeleted
FN:30,set isDeleted
FN:35,addDomainEvent
FN:43,clearDomainEvents
FN:46,getDomainEvents
FN:51,addIntegrationEvent
FN:59,clearIntegrationEvents
FN:62,getIntegrationEvents
FN:67,onSave
FNF:11
FNH:10
FNDA:16,<instance_members_initializer>
FNDA:16,AggregateRoot
FNDA:2,get isDeleted
FNDA:1,set isDeleted
FNDA:14,addDomainEvent
FNDA:5,clearDomainEvents
FNDA:12,getDomainEvents
FNDA:16,addIntegrationEvent
FNDA:4,clearIntegrationEvents
FNDA:12,getIntegrationEvents
FNDA:0,onSave
DA:1,1
DA:15,1
DA:16,1
DA:18,16
DA:19,16
DA:21,16
DA:22,16
DA:23,16
DA:24,16
DA:26,16
DA:27,16
DA:28,2
DA:29,2
DA:30,16
DA:31,1
DA:32,1
DA:34,16
DA:35,16
DA:36,14
DA:37,14
DA:38,14
DA:39,14
DA:40,14
DA:41,14
DA:42,14
DA:43,16
DA:44,5
DA:45,5
DA:46,16
DA:47,12
DA:48,12
DA:50,16
DA:51,16
DA:54,16
DA:55,16
DA:56,16
DA:57,16
DA:58,16
DA:59,16
DA:60,4
DA:61,4
DA:62,16
DA:63,12
DA:64,12
DA:67,16
DA:69,0
DA:70,16
LF:47
LH:46
BRDA:18,0,0,16
BRDA:21,1,0,16
BRDA:27,2,0,2
BRDA:30,3,0,1
BRDA:35,4,0,14
BRDA:43,5,0,5
BRDA:46,6,0,12
BRDA:51,7,0,16
BRDA:59,8,0,4
BRDA:62,9,0,12
BRF:10
BRH:10
end_of_record
TN:
SF:src/domain-seedwork/base-domain-execution-context.ts
FN:1,(empty-report)
FNF:1
FNH:1
FNDA:1,(empty-report)
LF:0
LH:0
BRDA:1,0,0,1
BRF:1
BRH:1
end_of_record
TN:
SF:src/domain-seedwork/child-entity.ts
FN:1,(empty-report)
FNF:1
FNH:1
FNDA:1,(empty-report)
DA:2,0
DA:3,0
DA:5,0
DA:6,0
DA:7,0
DA:8,0
LF:6
LH:0
BRDA:1,0,0,1
BRF:1
BRH:1
end_of_record
TN:
SF:src/domain-seedwork/domain-entity.ts
FN:9,<instance_members_initializer>
FN:11,get id
FN:15,DomainEntity
FN:21,PermissionError
FNF:4
FNH:4
FNDA:18,<instance_members_initializer>
FNDA:4,get id
FNDA:18,DomainEntity
FNDA:1,PermissionError
DA:7,1
DA:9,18
DA:10,18
DA:11,18
DA:12,4
DA:13,4
DA:15,18
DA:16,18
DA:17,18
DA:18,18
DA:20,1
DA:21,1
DA:22,1
DA:23,1
DA:24,1
DA:25,1
LF:16
LH:16
BRDA:9,0,0,18
BRDA:11,1,0,4
BRDA:15,2,0,18
BRDA:21,3,0,1
BRF:4
BRH:4
end_of_record
TN:
SF:src/domain-seedwork/domain-event.ts
FN:10,<instance_members_initializer>
FN:13,DomainEventBase
FN:16,get aggregateId
FN:24,<instance_members_initializer>
FN:26,get payload
FN:32,set payload
FNF:6
FNH:6
FNDA:36,<instance_members_initializer>
FNDA:36,DomainEventBase
FNDA:1,get aggregateId
FNDA:33,<instance_members_initializer>
FNDA:10,get payload
FNDA:31,set payload
DA:10,1
DA:11,36
DA:13,36
DA:14,36
DA:15,36
DA:16,36
DA:17,1
DA:18,1
DA:19,36
DA:21,1
DA:22,1
DA:24,33
DA:25,33
DA:26,33
DA:27,10
DA:28,1
DA:29,1
DA:30,9
DA:31,10
DA:32,33
DA:33,31
DA:34,31
DA:35,33
LF:23
LH:23
BRDA:10,0,0,36
BRDA:13,1,0,36
BRDA:16,2,0,1
BRDA:24,3,0,33
BRDA:26,4,0,10
BRDA:27,5,0,9
BRDA:27,6,0,1
BRDA:32,7,0,31
BRF:8
BRH:8
end_of_record
TN:
SF:src/domain-seedwork/domain.ts
FN:1,(empty-report)
FNF:1
FNH:1
FNDA:1,(empty-report)
LF:0
LH:0
BRDA:1,0,0,1
BRF:1
BRH:1
end_of_record
TN:
SF:src/domain-seedwork/event-bus.ts
FN:1,(empty-report)
FNF:1
FNH:1
FNDA:1,(empty-report)
LF:0
LH:0
BRDA:1,0,0,1
BRF:1
BRH:1
end_of_record
TN:
SF:src/domain-seedwork/handle-event.ts
FN:7,<instance_members_initializer>
FN:10,HandleEventImpl
FN:14,register
FN:20,registerAll
FN:28,handle
FNF:5
FNH:5
FNDA:5,<instance_members_initializer>
FNDA:5,HandleEventImpl
FNDA:1,register
FNDA:1,registerAll
FNDA:5,handle
DA:7,1
DA:8,5
DA:10,5
DA:11,5
DA:12,5
DA:14,5
DA:15,1
DA:16,1
DA:17,1
DA:18,1
DA:20,5
DA:21,1
DA:22,1
DA:23,2
DA:24,1
DA:25,1
DA:26,1
DA:28,5
DA:29,5
DA:30,5
DA:31,5
LF:21
LH:21
BRDA:7,0,0,5
BRDA:10,1,0,5
BRDA:14,2,0,1
BRDA:20,3,0,1
BRDA:21,4,0,1
BRDA:22,5,0,2
BRDA:28,6,0,5
BRF:7
BRH:7
end_of_record
TN:
SF:src/domain-seedwork/index.ts
FNF:0
FNH:0
DA:1,1
DA:2,1
DA:3,1
DA:8,1
DA:18,1
LF:5
LH:5
BRF:0
BRH:0
end_of_record
TN:
SF:src/domain-seedwork/prop-array.ts
FN:1,(empty-report)
FNF:1
FNH:1
FNDA:1,(empty-report)
LF:0
LH:0
BRDA:1,0,0,1
BRF:1
BRH:1
end_of_record
TN:
SF:src/domain-seedwork/publish-event.ts
FN:11,<instance_members_initializer>
FN:14,EventPublisher
FN:18,publish
FNF:3
FNH:3
FNDA:2,<instance_members_initializer>
FNDA:2,EventPublisher
FNDA:2,publish
DA:11,1
DA:12,2
DA:14,2
DA:15,2
DA:16,2
DA:18,2
DA:19,2
DA:20,2
DA:21,2
DA:22,2
DA:23,2
DA:24,2
LF:12
LH:12
BRDA:11,0,0,2
BRDA:14,1,0,2
BRDA:18,2,0,2
BRF:3
BRH:3
end_of_record
TN:
SF:src/domain-seedwork/repository.ts
FN:7,NotFoundError
FNF:1
FNH:1
FNDA:1,NotFoundError
DA:6,1
DA:7,1
DA:8,1
DA:9,1
DA:10,1
DA:11,1
LF:6
LH:6
BRDA:7,0,0,1
BRF:1
BRH:1
end_of_record
TN:
SF:src/domain-seedwork/type-converter.ts
FN:1,(empty-report)
FNF:1
FNH:1
FNDA:1,(empty-report)
LF:0
LH:0
BRDA:1,0,0,1
BRF:1
BRH:1
end_of_record
TN:
SF:src/domain-seedwork/unit-of-work.ts
FN:1,(empty-report)
FNF:1
FNH:1
FNDA:1,(empty-report)
LF:0
LH:0
BRDA:1,0,0,1
BRF:1
BRH:1
end_of_record
TN:
SF:src/domain-seedwork/value-object.ts
FN:4,<instance_members_initializer>
FN:7,ValueObject
FNF:2
FNH:2
FNDA:2,<instance_members_initializer>
FNDA:2,ValueObject
DA:4,1
DA:5,2
DA:7,2
DA:8,2
DA:9,2
DA:10,2
LF:6
LH:6
BRDA:4,0,0,2
BRDA:7,1,0,2
BRF:2
BRH:2
end_of_record
TN:
SF:src/passport-seedwork/index.ts
FNF:0
FNH:0
LF:0
LH:0
BRF:0
BRH:0
end_of_record
TN:
SF:src/passport-seedwork/visa.ts
FN:1,(empty-report)
FNF:1
FNH:1
FNDA:1,(empty-report)
LF:0
LH:0
BRDA:1,0,0,1
BRF:1
BRH:1
end_of_record
