TN:
SF:src/index.ts
FN:9,<instance_members_initializer>
FN:13,ServiceMongoose
FN:20,startUp
FN:24,shutDown
FN:33,get service
FNF:5
FNH:5
FNDA:8,<instance_members_initializer>
FNDA:8,ServiceMongoose
FNDA:3,startUp
FNDA:2,shutDown
FNDA:2,get service
DA:1,1
DA:5,1
DA:9,8
DA:10,8
DA:11,8
DA:12,8
DA:13,8
DA:14,8
DA:15,1
DA:16,1
DA:17,7
DA:18,8
DA:19,8
DA:20,8
DA:21,3
DA:22,3
DA:23,3
DA:24,8
DA:25,2
DA:26,1
DA:27,1
DA:28,1
DA:29,1
DA:30,1
DA:31,1
DA:32,2
DA:33,8
DA:34,2
DA:35,1
DA:36,1
DA:37,1
DA:38,2
DA:39,8
LF:33
LH:33
BRDA:9,0,0,8
BRDA:13,1,0,8
BRDA:14,2,0,7
BRDA:14,3,0,1
BRDA:16,4,0,7
BRDA:18,5,0,1
BRDA:20,6,0,3
BRDA:24,7,0,2
BRDA:25,8,0,1
BRDA:33,9,0,2
BRDA:34,10,0,1
BRF:11
BRH:11
end_of_record
