TN:
SF:src/http-config.ts
FN:7,ignoreIncomingRequestHook
FN:14,ignoreOutgoingRequestHook
FNF:2
FNH:2
FNDA:2,ignoreIncomingRequestHook
FNDA:3,ignoreOutgoingRequestHook
DA:5,1
DA:6,1
DA:7,1
DA:9,2
DA:10,1
DA:11,1
DA:12,1
DA:13,2
DA:14,1
DA:16,3
DA:17,1
DA:18,1
DA:19,2
DA:20,3
DA:21,1
LF:15
LH:15
BRDA:7,0,0,2
BRDA:9,1,0,1
BRDA:14,2,0,3
BRDA:16,3,0,2
BRDA:16,4,0,1
BRDA:18,5,0,2
BRF:6
BRH:6
end_of_record
TN:
SF:src/index.ts
FN:23,<instance_members_initializer>
FN:26,ServiceOtel
FN:51,startUp
FN:56,shutDown
FNF:4
FNH:4
FNDA:5,<instance_members_initializer>
FNDA:5,ServiceOtel
FNDA:1,startUp
FNDA:1,shutDown
DA:1,1
DA:3,1
DA:9,1
DA:23,1
DA:24,5
DA:26,5
DA:27,5
DA:28,5
DA:29,5
DA:30,5
DA:31,5
DA:32,5
DA:33,5
DA:34,5
DA:36,5
DA:37,5
DA:38,5
DA:39,5
DA:41,5
DA:42,5
DA:43,5
DA:44,5
DA:45,5
DA:46,5
DA:47,5
DA:48,5
DA:49,5
DA:51,5
DA:52,1
DA:53,1
DA:54,1
DA:56,5
DA:57,1
DA:58,1
DA:59,1
DA:60,5
LF:36
LH:36
BRDA:23,0,0,5
BRDA:26,1,0,5
BRDA:51,2,0,1
BRDA:56,3,0,1
BRF:4
BRH:4
end_of_record
TN:
SF:src/otel-builder.ts
FN:37,buildExporters
FN:71,buildProcessors
FN:102,buildMetricReader
FN:110,buildInstrumentations
FNF:4
FNH:4
FNDA:6,buildExporters
FNDA:2,buildProcessors
FNDA:1,buildMetricReader
FNDA:1,buildInstrumentations
DA:2,1
DA:7,1
DA:12,1
DA:17,1
DA:21,1
DA:22,1
DA:23,1
DA:24,1
DA:25,1
DA:27,1
DA:28,1
DA:36,1
DA:37,1
DA:38,6
DA:39,4
DA:40,4
DA:41,4
DA:42,4
DA:43,4
DA:44,6
DA:46,2
DA:47,1
DA:48,1
DA:49,1
DA:50,1
DA:51,1
DA:52,1
DA:53,1
DA:55,1
DA:56,1
DA:57,1
DA:58,1
DA:60,1
DA:61,1
DA:62,1
DA:63,1
DA:65,1
DA:66,1
DA:67,1
DA:68,1
DA:69,6
DA:71,1
DA:72,2
DA:73,2
DA:74,2
DA:75,2
DA:76,1
DA:77,1
DA:78,1
DA:79,1
DA:80,1
DA:81,1
DA:82,1
DA:83,1
DA:84,1
DA:85,1
DA:86,1
DA:87,1
DA:88,1
DA:89,1
DA:90,1
DA:91,1
DA:92,1
DA:93,1
DA:94,1
DA:95,1
DA:96,1
DA:97,1
DA:98,1
DA:99,1
DA:100,2
DA:102,1
DA:103,1
DA:104,1
DA:105,1
DA:106,1
DA:107,1
DA:108,1
DA:110,1
DA:111,1
DA:112,1
DA:113,1
DA:114,1
DA:115,1
DA:116,1
DA:117,1
DA:118,1
DA:119,1
LF:88
LH:88
BRDA:37,0,0,6
BRDA:38,1,0,4
BRDA:44,2,0,2
BRDA:46,3,0,1
BRDA:71,4,0,2
BRDA:75,5,0,1
BRDA:102,6,0,1
BRDA:110,7,0,1
BRF:8
BRH:8
end_of_record
