TN:
SF:src/domain/contexts/value-objects.ts
FNF:0
FNH:0
DA:1,1
DA:2,1
DA:3,1
DA:4,1
DA:5,1
DA:6,1
DA:7,1
DA:8,1
DA:9,1
DA:10,1
DA:11,1
DA:12,1
DA:13,1
DA:14,1
DA:15,1
DA:16,1
DA:17,1
DA:18,1
DA:19,1
DA:20,1
DA:21,1
DA:22,1
DA:23,1
DA:24,1
DA:25,1
DA:26,1
DA:27,1
DA:28,1
DA:29,1
DA:30,1
DA:31,1
DA:32,1
DA:33,1
DA:34,1
DA:35,1
DA:36,1
DA:37,1
DA:38,1
LF:38
LH:38
BRF:0
BRH:0
end_of_record
TN:
SF:src/domain/contexts/user/end-user/end-user-contact-information.ts
FN:19,EndUserContactInformation
FN:24,getNewInstance
FN:36,markAsNew
FN:40,get email
FN:43,set email
FNF:5
FNH:4
FNDA:5,EndUserContactInformation
FNDA:3,getNewInstance
FNDA:3,markAsNew
FNDA:0,get email
FNDA:5,set email
DA:1,1
DA:2,1
DA:3,1
DA:4,1
DA:5,1
DA:6,1
DA:7,1
DA:8,1
DA:9,1
DA:10,1
DA:11,1
DA:12,1
DA:13,1
DA:14,1
DA:15,1
DA:16,1
DA:17,1
DA:18,1
DA:19,1
DA:20,5
DA:21,5
DA:22,5
DA:23,1
DA:24,1
DA:25,3
DA:26,3
DA:27,3
DA:28,3
DA:29,3
DA:30,3
DA:31,3
DA:32,3
DA:33,3
DA:34,3
DA:35,1
DA:36,1
DA:37,3
DA:38,3
DA:39,1
DA:40,1
DA:41,0
DA:42,0
DA:43,1
DA:44,5
DA:45,5
DA:46,2
DA:47,2
DA:48,2
DA:49,5
DA:50,5
DA:51,0
DA:52,0
DA:53,5
DA:54,5
DA:55,1
LF:55
LH:51
BRDA:19,0,0,5
BRDA:24,1,0,3
BRDA:36,2,0,3
BRDA:43,3,0,5
BRDA:45,4,0,2
BRDA:50,5,0,0
BRDA:47,6,0,2
BRF:7
BRH:6
end_of_record
TN:
SF:src/domain/contexts/user/end-user/end-user-identity-details.ts
FN:21,EndUserIdentityDetails
FN:26,markAsNew
FN:30,getNewInstance
FN:46,validateVisa
FN:58,get lastName
FN:61,set lastName
FN:66,get legalNameConsistsOfOneName
FN:69,set legalNameConsistsOfOneName
FN:74,get restOfName
FN:77,set restOfName
FNF:10
FNH:8
FNDA:5,EndUserIdentityDetails
FNDA:3,markAsNew
FNDA:3,getNewInstance
FNDA:9,validateVisa
FNDA:0,get lastName
FNDA:3,set lastName
FNDA:2,get legalNameConsistsOfOneName
FNDA:3,set legalNameConsistsOfOneName
FNDA:0,get restOfName
FNDA:3,set restOfName
DA:1,1
DA:2,1
DA:3,1
DA:4,1
DA:5,1
DA:6,1
DA:7,1
DA:8,1
DA:9,1
DA:10,1
DA:11,1
DA:12,1
DA:13,1
DA:14,1
DA:15,1
DA:16,1
DA:17,1
DA:18,1
DA:19,1
DA:20,1
DA:21,1
DA:22,5
DA:23,5
DA:24,5
DA:25,1
DA:26,1
DA:27,3
DA:28,3
DA:29,1
DA:30,1
DA:31,3
DA:32,3
DA:33,3
DA:34,3
DA:35,3
DA:36,3
DA:37,3
DA:38,3
DA:39,3
DA:40,3
DA:41,3
DA:42,3
DA:43,3
DA:44,3
DA:45,1
DA:46,1
DA:47,9
DA:48,9
DA:49,9
DA:50,9
DA:51,9
DA:52,9
DA:53,9
DA:54,0
DA:55,0
DA:56,9
DA:57,1
DA:58,1
DA:59,0
DA:60,0
DA:61,1
DA:62,3
DA:63,3
DA:64,3
DA:65,1
DA:66,1
DA:67,2
DA:68,2
DA:69,1
DA:70,3
DA:71,3
DA:72,3
DA:73,1
DA:74,1
DA:75,0
DA:76,0
DA:77,1
DA:78,3
DA:79,3
DA:80,3
DA:81,3
DA:82,3
DA:83,1
LF:83
LH:77
BRDA:21,0,0,5
BRDA:26,1,0,3
BRDA:30,2,0,3
BRDA:46,3,0,9
BRDA:53,4,0,0
BRDA:50,5,0,9
BRDA:61,6,0,3
BRDA:66,7,0,2
BRDA:69,8,0,3
BRDA:77,9,0,3
BRDA:80,10,0,2
BRDA:81,11,0,1
BRF:12
BRH:11
end_of_record
TN:
SF:src/domain/contexts/user/end-user/end-user-personal-information.ts
FN:37,EndUserPersonalInformation
FN:42,markAsNew
FN:45,getNewInstance
FN:59,get identityDetails
FN:62,set identityDetails
FN:75,get contactInformation
FN:81,set contactInformation
FNF:7
FNH:7
FNDA:7,EndUserPersonalInformation
FNDA:3,markAsNew
FNDA:3,getNewInstance
FNDA:2,get identityDetails
FNDA:3,set identityDetails
FNDA:2,get contactInformation
FNDA:3,set contactInformation
DA:1,1
DA:2,1
DA:3,1
DA:4,1
DA:5,1
DA:6,1
DA:7,1
DA:8,1
DA:9,1
DA:10,1
DA:11,1
DA:12,1
DA:13,1
DA:14,1
DA:15,1
DA:16,1
DA:17,1
DA:18,1
DA:19,1
DA:20,1
DA:21,1
DA:22,1
DA:23,1
DA:24,1
DA:25,1
DA:26,1
DA:27,1
DA:28,1
DA:29,1
DA:30,1
DA:31,1
DA:32,1
DA:33,1
DA:34,1
DA:35,1
DA:36,1
DA:37,1
DA:38,7
DA:39,7
DA:40,7
DA:41,1
DA:42,1
DA:43,3
DA:44,3
DA:45,1
DA:46,3
DA:47,3
DA:48,3
DA:49,3
DA:50,3
DA:51,3
DA:52,3
DA:53,3
DA:54,3
DA:55,3
DA:56,3
DA:57,3
DA:58,1
DA:59,1
DA:60,2
DA:61,2
DA:62,1
DA:63,3
DA:64,0
DA:65,0
DA:66,3
DA:67,3
DA:68,3
DA:69,3
DA:70,3
DA:71,3
DA:72,3
DA:73,3
DA:74,1
DA:75,1
DA:76,2
DA:77,2
DA:78,2
DA:79,2
DA:80,2
DA:81,1
DA:82,3
DA:83,0
DA:84,0
DA:85,3
DA:86,3
DA:87,3
DA:88,3
DA:89,3
DA:90,3
DA:91,1
LF:91
LH:87
BRDA:37,0,0,7
BRDA:42,1,0,3
BRDA:45,2,0,3
BRDA:59,3,0,2
BRDA:62,4,0,3
BRDA:63,5,0,0
BRDA:75,6,0,2
BRDA:81,7,0,3
BRDA:82,8,0,0
BRF:9
BRH:7
end_of_record
TN:
SF:src/domain/contexts/user/end-user/end-user.ts
FN:37,EndUser
FN:42,getNewInstance
FN:84,markAsNew
FN:89,validateVisa
FN:100,validateVisaElevated
FN:109,get email
FN:112,set email
FN:116,get displayName
FN:119,set displayName
FN:125,get externalId
FN:128,set externalId
FN:134,get accessBlocked
FN:137,set accessBlocked
FN:142,get tags
FN:145,set tags
FN:149,get personalInformation
FN:155,set personalInformation
FN:169,get userType
FN:172,get updatedAt
FN:175,get createdAt
FN:178,get schemaVersion
FNF:21
FNH:7
FNDA:8,EndUser
FNDA:6,getNewInstance
FNDA:6,markAsNew
FNDA:3,validateVisa
FNDA:0,validateVisaElevated
FNDA:0,get email
FNDA:0,set email
FNDA:0,get displayName
FNDA:3,set displayName
FNDA:0,get externalId
FNDA:6,set externalId
FNDA:0,get accessBlocked
FNDA:0,set accessBlocked
FNDA:0,get tags
FNDA:0,set tags
FNDA:4,get personalInformation
FNDA:0,set personalInformation
FNDA:0,get userType
FNDA:0,get updatedAt
FNDA:0,get createdAt
FNDA:0,get schemaVersion
DA:1,1
DA:2,1
DA:3,1
DA:4,1
DA:5,1
DA:6,1
DA:7,1
DA:8,1
DA:9,1
DA:10,1
DA:11,1
DA:12,1
DA:13,1
DA:14,1
DA:15,1
DA:16,1
DA:17,1
DA:18,1
DA:19,1
DA:20,1
DA:21,1
DA:22,1
DA:23,1
DA:24,1
DA:25,1
DA:26,1
DA:27,1
DA:28,1
DA:29,1
DA:30,1
DA:31,1
DA:32,1
DA:33,1
DA:34,1
DA:35,1
DA:36,1
DA:37,1
DA:38,8
DA:39,8
DA:40,8
DA:41,1
DA:42,1
DA:43,6
DA:44,6
DA:45,6
DA:46,6
DA:47,6
DA:48,6
DA:49,6
DA:50,6
DA:51,6
DA:52,6
DA:53,6
DA:54,6
DA:55,6
DA:56,6
DA:57,6
DA:58,6
DA:59,6
DA:60,6
DA:61,6
DA:62,6
DA:63,6
DA:64,6
DA:65,6
DA:66,6
DA:67,6
DA:68,6
DA:69,6
DA:70,6
DA:71,6
DA:72,6
DA:73,6
DA:74,6
DA:75,2
DA:76,6
DA:77,1
DA:78,1
DA:79,3
DA:80,3
DA:81,3
DA:82,3
DA:83,1
DA:84,1
DA:85,6
DA:86,6
DA:87,6
DA:88,1
DA:89,1
DA:90,3
DA:91,3
DA:92,0
DA:93,0
DA:94,0
DA:95,3
DA:96,3
DA:97,0
DA:98,0
DA:99,3
DA:100,1
DA:101,0
DA:102,0
DA:103,0
DA:104,0
DA:105,0
DA:106,0
DA:107,0
DA:108,1
DA:109,1
DA:110,0
DA:111,0
DA:112,1
DA:113,0
DA:114,0
DA:115,0
DA:116,1
DA:117,0
DA:118,0
DA:119,1
DA:120,3
DA:121,3
DA:122,3
DA:123,3
DA:124,3
DA:125,1
DA:126,0
DA:127,0
DA:128,1
DA:129,6
DA:130,0
DA:131,0
DA:132,6
DA:133,6
DA:134,1
DA:135,0
DA:136,0
DA:137,1
DA:138,0
DA:139,0
DA:140,0
DA:141,1
DA:142,1
DA:143,0
DA:144,0
DA:145,1
DA:146,0
DA:147,0
DA:148,0
DA:149,1
DA:150,4
DA:151,4
DA:152,4
DA:153,4
DA:154,4
DA:155,1
DA:156,0
DA:157,0
DA:158,0
DA:159,0
DA:160,0
DA:161,0
DA:162,0
DA:163,0
DA:164,0
DA:165,0
DA:166,0
DA:167,0
DA:168,1
DA:169,1
DA:170,0
DA:171,0
DA:172,1
DA:173,0
DA:174,0
DA:175,1
DA:176,0
DA:177,0
DA:178,1
DA:179,0
DA:180,0
DA:181,1
LF:181
LH:128
BRDA:37,0,0,8
BRDA:42,1,0,6
BRDA:57,2,0,3
BRDA:58,3,0,3
BRDA:58,4,0,1
BRDA:74,5,0,2
BRDA:74,6,0,2
BRDA:76,7,0,1
BRDA:79,8,0,3
BRDA:84,9,0,6
BRDA:89,10,0,3
BRDA:91,11,0,0
BRDA:96,12,0,0
BRDA:119,13,0,3
BRDA:128,14,0,6
BRDA:129,15,0,0
BRDA:149,16,0,4
BRF:17
BRH:14
end_of_record
TN:
SF:src/domain/contexts/user/end-user/end-user.value-objects.ts
FNF:0
FNH:0
DA:1,1
DA:2,1
DA:3,1
DA:4,1
DA:5,1
DA:6,1
DA:7,1
DA:8,1
LF:8
LH:8
BRF:0
BRH:0
end_of_record
TN:
SF:src/domain/events/types/end-user-created.ts
FNF:0
FNH:0
DA:1,1
DA:2,1
DA:3,1
DA:4,1
DA:5,1
DA:6,1
DA:7,1
LF:7
LH:7
BRF:0
BRH:0
end_of_record
