TN:
SF:src/index.ts
FN:1,(empty-report)
FNF:1
FNH:0
FNDA:0,(empty-report)
DA:1,0
LF:1
LH:0
BRDA:1,0,0,0
BRF:1
BRH:0
end_of_record
TN:
SF:src/domain/domain-execution-context.ts
FN:1,(empty-report)
FNF:1
FNH:1
FNDA:1,(empty-report)
LF:0
LH:0
BRDA:1,0,0,1
BRF:1
BRH:1
end_of_record
TN:
SF:src/domain/index.ts
FN:1,(empty-report)
FNF:1
FNH:0
FNDA:0,(empty-report)
DA:1,0
LF:1
LH:0
BRDA:1,0,0,0
BRF:1
BRH:0
end_of_record
TN:
SF:src/domain/contexts/index.ts
FN:1,(empty-report)
FNF:1
FNH:0
FNDA:0,(empty-report)
DA:1,0
DA:2,0
LF:2
LH:0
BRDA:1,0,0,0
BRF:1
BRH:0
end_of_record
TN:
SF:src/domain/contexts/passport.ts
FN:1,(empty-report)
FNF:1
FNH:1
FNDA:1,(empty-report)
LF:0
LH:0
BRDA:1,0,0,1
BRF:1
BRH:1
end_of_record
TN:
SF:src/domain/contexts/value-objects.ts
FNF:0
FNH:0
DA:1,1
DA:4,1
DA:5,1
DA:6,1
DA:7,1
DA:9,1
DA:10,1
DA:11,1
DA:12,1
DA:13,1
DA:15,1
DA:16,1
DA:17,1
DA:18,1
DA:19,1
DA:21,1
DA:22,1
DA:23,1
DA:24,1
DA:25,1
DA:26,1
DA:27,1
DA:28,1
DA:30,1
DA:31,1
DA:32,1
DA:33,1
DA:35,1
DA:36,1
DA:37,1
DA:38,1
LF:31
LH:31
BRF:0
BRH:0
end_of_record
TN:
SF:src/domain/contexts/case/case.domain-permissions.ts
FN:1,(empty-report)
FNF:1
FNH:1
FNDA:1,(empty-report)
LF:0
LH:0
BRDA:1,0,0,1
BRF:1
BRH:1
end_of_record
TN:
SF:src/domain/contexts/case/violation/violation.permissions.ts
FN:1,(empty-report)
FNF:1
FNH:1
FNDA:1,(empty-report)
LF:0
LH:0
BRDA:1,0,0,1
BRF:1
BRH:1
end_of_record
TN:
SF:src/domain/contexts/community/community.domain-permissions.ts
FN:1,(empty-report)
FNF:1
FNH:1
FNDA:1,(empty-report)
LF:0
LH:0
BRDA:1,0,0,1
BRF:1
BRH:1
end_of_record
TN:
SF:src/domain/contexts/community/community.passport.ts
FN:1,(empty-report)
FNF:1
FNH:1
FNDA:1,(empty-report)
LF:0
LH:0
BRDA:1,0,0,1
BRF:1
BRH:1
end_of_record
TN:
SF:src/domain/contexts/community/community.visa.ts
FN:1,(empty-report)
FNF:1
FNH:1
FNDA:1,(empty-report)
LF:0
LH:0
BRDA:1,0,0,1
BRF:1
BRH:1
end_of_record
TN:
SF:src/domain/contexts/community/index.ts
FN:1,(empty-report)
FNF:1
FNH:0
FNDA:0,(empty-report)
DA:1,0
LF:1
LH:0
BRDA:1,0,0,0
BRF:1
BRH:0
end_of_record
TN:
SF:src/domain/contexts/community/community/community.repository.ts
FN:1,(empty-report)
FNF:1
FNH:1
FNDA:1,(empty-report)
LF:0
LH:0
BRDA:1,0,0,1
BRF:1
BRH:1
end_of_record
TN:
SF:src/domain/contexts/community/community/community.ts
FN:29,<instance_members_initializer>
FN:37,Community
FN:44,getNewInstance
FN:58,markAsNew
FN:67,get name
FN:70,set name
FN:84,get domain
FN:87,set domain
FN:109,get whiteLabelDomain
FN:112,set whiteLabelDomain
FN:128,get handle
FN:131,set handle
FN:147,get createdBy
FN:150,set createdBy
FN:169,get updatedAt
FN:173,get createdAt
FN:177,get schemaVersion
FNF:17
FNH:7
FNDA:19,<instance_members_initializer>
FNDA:19,Community
FNDA:4,getNewInstance
FNDA:4,markAsNew
FNDA:1,get name
FNDA:4,set name
FNDA:0,get domain
FNDA:0,set domain
FNDA:0,get whiteLabelDomain
FNDA:0,set whiteLabelDomain
FNDA:0,get handle
FNDA:0,set handle
FNDA:0,get createdBy
FNDA:2,set createdBy
FNDA:0,get updatedAt
FNDA:0,get createdAt
FNDA:0,get schemaVersion
DA:1,1
DA:3,1
DA:4,1
DA:5,1
DA:9,1
DA:26,1
DA:27,1
DA:29,19
DA:31,19
DA:32,19
DA:37,19
DA:38,19
DA:39,19
DA:40,19
DA:44,19
DA:45,4
DA:46,4
DA:47,4
DA:48,4
DA:49,4
DA:50,4
DA:51,4
DA:52,4
DA:53,4
DA:54,4
DA:55,4
DA:56,4
DA:58,19
DA:59,4
DA:60,4
DA:61,4
DA:62,4
DA:63,4
DA:67,19
DA:68,1
DA:69,1
DA:70,19
DA:71,4
DA:72,4
DA:73,0
DA:74,0
DA:75,0
DA:76,4
DA:77,0
DA:78,0
DA:79,0
DA:80,0
DA:81,4
DA:82,4
DA:84,19
DA:85,0
DA:86,0
DA:87,19
DA:88,0
DA:89,0
DA:90,0
DA:91,0
DA:92,0
DA:93,0
DA:94,0
DA:95,0
DA:96,0
DA:97,0
DA:98,0
DA:99,0
DA:100,0
DA:101,0
DA:102,0
DA:103,0
DA:104,0
DA:105,0
DA:106,0
DA:107,0
DA:109,19
DA:110,0
DA:111,0
DA:112,19
DA:113,0
DA:114,0
DA:115,0
DA:116,0
DA:117,0
DA:118,0
DA:119,0
DA:120,0
DA:121,0
DA:122,0
DA:123,0
DA:124,0
DA:125,0
DA:126,0
DA:128,19
DA:129,0
DA:130,0
DA:131,19
DA:132,0
DA:133,0
DA:134,0
DA:135,0
DA:136,0
DA:137,0
DA:138,0
DA:139,0
DA:140,0
DA:141,0
DA:142,0
DA:143,0
DA:144,0
DA:145,0
DA:147,19
DA:148,0
DA:149,0
DA:150,19
DA:151,2
DA:152,2
DA:153,0
DA:154,0
DA:155,0
DA:156,2
DA:157,0
DA:158,0
DA:159,0
DA:160,0
DA:161,2
DA:162,0
DA:163,0
DA:164,0
DA:165,0
DA:166,2
DA:167,2
DA:169,19
DA:170,0
DA:171,0
DA:173,19
DA:174,0
DA:175,0
DA:177,19
DA:178,0
DA:179,0
DA:181,19
LF:140
LH:60
BRDA:29,0,0,19
BRDA:37,1,0,19
BRDA:44,2,0,4
BRDA:58,3,0,4
BRDA:67,4,0,1
BRDA:70,5,0,4
BRDA:72,6,0,0
BRDA:76,7,0,0
BRDA:150,8,0,2
BRDA:152,9,0,0
BRDA:156,10,0,0
BRDA:161,11,0,0
BRF:12
BRH:7
end_of_record
TN:
SF:src/domain/contexts/community/community/community.uow.ts
FN:1,(empty-report)
FNF:1
FNH:1
FNDA:1,(empty-report)
LF:0
LH:0
BRDA:1,0,0,1
BRF:1
BRH:1
end_of_record
TN:
SF:src/domain/contexts/community/community/community.value-objects.ts
FNF:0
FNH:0
DA:1,1
DA:3,1
DA:4,1
DA:5,1
DA:6,1
DA:7,1
DA:8,1
DA:9,1
LF:8
LH:8
BRF:0
BRH:0
end_of_record
TN:
SF:src/domain/contexts/community/community/index.ts
FN:1,(empty-report)
FNF:1
FNH:0
FNDA:0,(empty-report)
DA:1,0
LF:1
LH:0
BRDA:1,0,0,0
BRF:1
BRH:0
end_of_record
TN:
SF:src/domain/contexts/community/member/member-account.ts
FN:27,<instance_members_initializer>
FNF:1
FNH:0
FNDA:0,<instance_members_initializer>
DA:1,1
DA:2,1
DA:6,1
DA:24,1
DA:25,1
DA:27,0
DA:29,0
DA:30,0
DA:34,0
DA:35,0
DA:36,0
DA:37,0
DA:38,0
DA:39,0
DA:40,0
DA:41,0
DA:42,0
DA:46,0
DA:47,0
DA:48,0
DA:49,0
DA:50,0
DA:51,0
DA:52,0
DA:53,0
DA:54,0
DA:55,0
DA:56,0
DA:57,0
DA:58,0
DA:59,0
DA:60,0
DA:64,0
DA:65,0
DA:66,0
DA:67,0
DA:68,0
DA:69,0
DA:70,0
DA:72,0
DA:73,0
DA:74,0
DA:75,0
DA:76,0
DA:77,0
DA:78,0
DA:80,0
DA:81,0
DA:82,0
DA:83,0
DA:84,0
DA:85,0
DA:86,0
DA:88,0
DA:89,0
DA:90,0
DA:91,0
DA:92,0
DA:93,0
DA:94,0
DA:95,0
DA:96,0
DA:97,0
DA:98,0
DA:99,0
DA:100,0
DA:101,0
DA:102,0
DA:103,0
DA:104,0
DA:105,0
DA:106,0
DA:108,0
DA:109,0
DA:110,0
DA:111,0
DA:112,0
DA:113,0
DA:114,0
DA:116,0
LF:80
LH:5
BRDA:27,0,0,0
BRF:1
BRH:0
end_of_record
TN:
SF:src/domain/contexts/community/member/member-account.value-objects.ts
FNF:0
FNH:0
DA:1,1
DA:3,1
DA:4,1
DA:5,1
DA:6,1
DA:7,1
DA:9,1
DA:10,1
DA:11,1
DA:12,1
DA:13,1
LF:11
LH:11
BRF:0
BRH:0
end_of_record
TN:
SF:src/domain/contexts/community/member/member-custom-view.ts
FN:20,<instance_members_initializer>
FNF:1
FNH:0
FNDA:0,<instance_members_initializer>
DA:1,1
DA:3,1
DA:17,1
DA:18,1
DA:20,0
DA:22,0
DA:26,0
DA:27,0
DA:28,0
DA:29,0
DA:33,0
DA:34,0
DA:35,0
DA:36,0
DA:37,0
DA:38,0
DA:39,0
DA:40,0
DA:41,0
DA:42,0
DA:43,0
DA:44,0
DA:45,0
DA:46,0
DA:47,0
DA:51,0
DA:52,0
DA:53,0
DA:54,0
DA:55,0
DA:56,0
DA:57,0
DA:59,0
DA:60,0
DA:61,0
DA:62,0
DA:63,0
DA:64,0
DA:65,0
DA:67,0
DA:68,0
DA:69,0
DA:70,0
DA:71,0
DA:72,0
DA:73,0
DA:75,0
DA:76,0
DA:77,0
DA:78,0
DA:79,0
DA:80,0
DA:81,0
DA:82,0
DA:83,0
DA:85,0
DA:86,0
DA:87,0
DA:88,0
DA:89,0
DA:90,0
DA:91,0
DA:92,0
DA:93,0
DA:95,0
LF:65
LH:4
BRDA:20,0,0,0
BRF:1
BRH:0
end_of_record
TN:
SF:src/domain/contexts/community/member/member-custom-view.value-objects.ts
FN:14,CustomViewType
FNF:1
FNH:0
FNDA:0,CustomViewType
DA:1,1
DA:3,1
DA:4,1
DA:5,1
DA:6,1
DA:11,1
DA:12,1
DA:13,1
DA:14,1
DA:15,0
DA:16,0
DA:17,0
DA:18,0
DA:19,0
DA:20,1
DA:21,1
DA:22,1
DA:23,1
DA:24,1
DA:25,1
DA:26,1
DA:27,1
DA:28,1
DA:29,1
DA:30,1
DA:31,1
LF:26
LH:21
BRF:0
BRH:0
end_of_record
TN:
SF:src/domain/contexts/community/member/member-profile.ts
FN:24,<instance_members_initializer>
FN:30,MemberProfile
FN:37,validateVisa
FN:54,get name
FN:57,set name
FN:62,get email
FN:65,set email
FN:70,get bio
FN:73,set bio
FN:78,get avatarDocumentId
FN:81,set avatarDocumentId
FN:86,get interests
FN:89,set interests
FN:94,get showInterests
FN:97,set showInterests
FN:102,get showEmail
FN:105,set showEmail
FN:110,get showProfile
FN:113,set showProfile
FN:118,get showLocation
FN:121,set showLocation
FN:126,get showProperties
FN:129,set showProperties
FNF:23
FNH:6
FNDA:3,<instance_members_initializer>
FNDA:3,MemberProfile
FNDA:3,validateVisa
FNDA:0,get name
FNDA:0,set name
FNDA:0,get email
FNDA:1,set email
FNDA:0,get bio
FNDA:1,set bio
FNDA:0,get avatarDocumentId
FNDA:0,set avatarDocumentId
FNDA:0,get interests
FNDA:1,set interests
FNDA:0,get showInterests
FNDA:0,set showInterests
FNDA:0,get showEmail
FNDA:0,set showEmail
FNDA:0,get showProfile
FNDA:0,set showProfile
FNDA:0,get showLocation
FNDA:0,set showLocation
FNDA:0,get showProperties
FNDA:0,set showProperties
DA:1,1
DA:3,1
DA:21,1
DA:22,1
DA:24,3
DA:26,3
DA:30,3
DA:31,3
DA:32,3
DA:33,3
DA:37,3
DA:38,3
DA:39,3
DA:40,3
DA:41,3
DA:42,0
DA:43,0
DA:44,3
DA:45,3
DA:46,0
DA:47,0
DA:48,0
DA:49,0
DA:50,3
DA:54,3
DA:55,0
DA:56,0
DA:57,3
DA:58,0
DA:59,0
DA:60,0
DA:62,3
DA:63,0
DA:64,0
DA:65,3
DA:66,1
DA:67,1
DA:68,1
DA:70,3
DA:71,0
DA:72,0
DA:73,3
DA:74,1
DA:75,1
DA:76,1
DA:78,3
DA:79,0
DA:80,0
DA:81,3
DA:82,0
DA:83,0
DA:84,0
DA:86,3
DA:87,0
DA:88,0
DA:89,3
DA:90,1
DA:91,1
DA:92,1
DA:94,3
DA:95,0
DA:96,0
DA:97,3
DA:98,0
DA:99,0
DA:100,0
DA:102,3
DA:103,0
DA:104,0
DA:105,3
DA:106,0
DA:107,0
DA:108,0
DA:110,3
DA:111,0
DA:112,0
DA:113,3
DA:114,0
DA:115,0
DA:116,0
DA:118,3
DA:119,0
DA:120,0
DA:121,3
DA:122,0
DA:123,0
DA:124,0
DA:126,3
DA:127,0
DA:128,0
DA:129,3
DA:130,0
DA:131,0
DA:132,0
DA:134,3
LF:95
LH:48
BRDA:24,0,0,3
BRDA:30,1,0,3
BRDA:37,2,0,3
BRDA:45,3,0,0
BRDA:40,4,0,3
BRDA:41,5,0,0
BRDA:65,6,0,1
BRDA:73,7,0,1
BRDA:89,8,0,1
BRF:9
BRH:7
end_of_record
TN:
SF:src/domain/contexts/community/member/member-profile.value-objects.ts
FNF:0
FNH:0
DA:1,1
DA:3,1
DA:5,1
DA:6,1
DA:8,1
DA:9,1
LF:6
LH:6
BRF:0
BRH:0
end_of_record
TN:
SF:src/domain/contexts/community/member/member.repository.ts
FN:1,(empty-report)
FNF:1
FNH:1
FNDA:1,(empty-report)
LF:0
LH:0
BRDA:1,0,0,1
BRF:1
BRH:1
end_of_record
TN:
SF:src/domain/contexts/community/member/member.ts
FN:61,<instance_members_initializer>
FN:68,Member
FN:75,getNewInstance
FN:101,requestNewAccount
FN:119,requestRemoveAccount
FN:133,requestNewCustomView
FN:147,requestRemoveCustomView
FN:164,get memberName
FN:167,set memberName
FN:181,get cybersourceCustomerId
FN:184,set cybersourceCustomerId
FN:202,get community
FN:206,set community
FN:220,get accounts
FN:226,get role
FN:229,set role
FN:243,get profile
FN:247,get createdAt
FN:251,get updatedAt
FN:255,get schemaVersion
FN:259,get customViews
FNF:21
FNH:8
FNDA:7,<instance_members_initializer>
FNDA:7,Member
FNDA:2,getNewInstance
FNDA:0,requestNewAccount
FNDA:0,requestRemoveAccount
FNDA:0,requestNewCustomView
FNDA:0,requestRemoveCustomView
FNDA:0,get memberName
FNDA:3,set memberName
FNDA:0,get cybersourceCustomerId
FNDA:1,set cybersourceCustomerId
FNDA:7,get community
FNDA:1,set community
FNDA:0,get accounts
FNDA:0,get role
FNDA:0,set role
FNDA:3,get profile
FNDA:0,get createdAt
FNDA:0,get updatedAt
FNDA:0,get schemaVersion
FNDA:0,get customViews
DA:1,1
DA:2,1
DA:3,1
DA:7,1
DA:12,1
DA:16,1
DA:22,1
DA:58,1
DA:59,1
DA:61,7
DA:63,7
DA:64,7
DA:68,7
DA:69,7
DA:70,7
DA:71,7
DA:75,7
DA:76,2
DA:77,2
DA:78,2
DA:79,2
DA:80,2
DA:81,2
DA:82,2
DA:83,2
DA:84,2
DA:85,2
DA:86,2
DA:87,0
DA:88,2
DA:89,2
DA:90,0
DA:91,0
DA:93,2
DA:94,2
DA:95,2
DA:96,2
DA:97,2
DA:98,2
DA:99,2
DA:101,7
DA:102,0
DA:103,0
DA:104,0
DA:105,0
DA:106,0
DA:107,0
DA:108,0
DA:109,0
DA:110,0
DA:111,0
DA:112,0
DA:113,0
DA:114,0
DA:115,0
DA:116,0
DA:117,0
DA:119,7
DA:120,0
DA:121,0
DA:122,0
DA:123,0
DA:124,0
DA:125,0
DA:126,0
DA:127,0
DA:128,0
DA:129,0
DA:130,0
DA:131,0
DA:133,7
DA:134,0
DA:135,0
DA:136,0
DA:137,0
DA:138,0
DA:139,0
DA:140,0
DA:141,0
DA:142,0
DA:143,0
DA:144,0
DA:145,0
DA:147,7
DA:148,0
DA:149,0
DA:150,0
DA:151,0
DA:152,0
DA:153,0
DA:154,0
DA:155,0
DA:156,0
DA:157,0
DA:158,0
DA:159,0
DA:160,0
DA:164,7
DA:165,0
DA:166,0
DA:167,7
DA:168,3
DA:169,3
DA:170,1
DA:171,1
DA:172,1
DA:173,0
DA:174,1
DA:175,3
DA:176,0
DA:177,0
DA:178,3
DA:179,3
DA:181,7
DA:182,0
DA:183,0
DA:184,7
DA:185,1
DA:186,1
DA:187,1
DA:188,1
DA:189,1
DA:190,0
DA:191,1
DA:192,1
DA:193,0
DA:194,0
DA:195,0
DA:196,0
DA:197,1
DA:198,1
DA:199,1
DA:200,1
DA:202,7
DA:203,7
DA:204,7
DA:206,7
DA:207,1
DA:208,1
DA:209,0
DA:210,0
DA:211,0
DA:212,0
DA:213,0
DA:214,1
DA:215,0
DA:216,0
DA:217,1
DA:218,1
DA:220,7
DA:221,0
DA:222,0
DA:223,0
DA:224,0
DA:226,7
DA:227,0
DA:228,0
DA:229,7
DA:230,0
DA:231,0
DA:232,0
DA:233,0
DA:234,0
DA:235,0
DA:236,0
DA:237,0
DA:238,0
DA:239,0
DA:240,0
DA:241,0
DA:243,7
DA:244,3
DA:245,3
DA:247,7
DA:248,0
DA:249,0
DA:251,7
DA:252,0
DA:253,0
DA:255,7
DA:256,0
DA:257,0
DA:259,7
DA:260,0
DA:261,0
DA:262,0
DA:263,0
DA:265,7
LF:188
LH:85
BRDA:61,0,0,7
BRDA:68,1,0,7
BRDA:75,2,0,2
BRDA:89,3,0,0
BRDA:85,4,0,2
BRDA:86,5,0,0
BRDA:167,6,0,3
BRDA:169,7,0,1
BRDA:175,8,0,0
BRDA:171,9,0,1
BRDA:172,10,0,0
BRDA:184,11,0,1
BRDA:192,12,0,0
BRDA:188,13,0,1
BRDA:189,14,0,0
BRDA:202,15,0,7
BRDA:206,16,0,1
BRDA:208,17,0,0
BRDA:214,18,0,0
BRDA:243,19,0,3
BRF:20
BRH:12
end_of_record
TN:
SF:src/domain/contexts/community/member/member.uow.ts
FN:1,(empty-report)
FNF:1
FNH:1
FNDA:1,(empty-report)
LF:0
LH:0
BRDA:1,0,0,1
BRF:1
BRH:1
end_of_record
TN:
SF:src/domain/contexts/community/member/member.value-objects.ts
FNF:0
FNH:0
DA:1,1
DA:3,1
DA:4,1
LF:3
LH:3
BRF:0
BRH:0
end_of_record
TN:
SF:src/domain/contexts/community/role/end-user-role/end-user-role-community-permissions.ts
FN:17,<instance_members_initializer>
FN:20,EndUserRoleCommunityPermissions
FN:28,get canManageEndUserRolesAndPermissions
FN:31,set canManageEndUserRolesAndPermissions
FN:44,get canManageVendorUserRolesAndPermissions
FN:47,set canManageVendorUserRolesAndPermissions
FN:60,get canManageCommunitySettings
FN:63,set canManageCommunitySettings
FN:76,get canManageSiteContent
FN:79,set canManageSiteContent
FN:92,get canManageMembers
FN:95,set canManageMembers
FN:108,get canEditOwnMemberProfile
FN:111,set canEditOwnMemberProfile
FN:124,get canEditOwnMemberAccounts
FN:127,set canEditOwnMemberAccounts
FNF:16
FNH:3
FNDA:1,<instance_members_initializer>
FNDA:1,EndUserRoleCommunityPermissions
FNDA:0,get canManageEndUserRolesAndPermissions
FNDA:0,set canManageEndUserRolesAndPermissions
FNDA:0,get canManageVendorUserRolesAndPermissions
FNDA:0,set canManageVendorUserRolesAndPermissions
FNDA:0,get canManageCommunitySettings
FNDA:0,set canManageCommunitySettings
FNDA:0,get canManageSiteContent
FNDA:0,set canManageSiteContent
FNDA:0,get canManageMembers
FNDA:1,set canManageMembers
FNDA:0,get canEditOwnMemberProfile
FNDA:0,set canEditOwnMemberProfile
FNDA:0,get canEditOwnMemberAccounts
FNDA:0,set canEditOwnMemberAccounts
DA:1,1
DA:14,1
DA:15,1
DA:17,1
DA:18,1
DA:20,1
DA:21,1
DA:22,1
DA:23,1
DA:24,1
DA:25,1
DA:26,1
DA:28,1
DA:29,0
DA:30,0
DA:31,1
DA:32,0
DA:33,0
DA:34,0
DA:35,0
DA:36,0
DA:37,0
DA:38,0
DA:39,0
DA:40,0
DA:41,0
DA:42,0
DA:44,1
DA:45,0
DA:46,0
DA:47,1
DA:48,0
DA:49,0
DA:50,0
DA:51,0
DA:52,0
DA:53,0
DA:54,0
DA:55,0
DA:56,0
DA:57,0
DA:58,0
DA:60,1
DA:61,0
DA:62,0
DA:63,1
DA:64,0
DA:65,0
DA:66,0
DA:67,0
DA:68,0
DA:69,0
DA:70,0
DA:71,0
DA:72,0
DA:73,0
DA:74,0
DA:76,1
DA:77,0
DA:78,0
DA:79,1
DA:80,0
DA:81,0
DA:82,0
DA:83,0
DA:84,0
DA:85,0
DA:86,0
DA:87,0
DA:88,0
DA:89,0
DA:90,0
DA:92,1
DA:93,0
DA:94,0
DA:95,1
DA:96,1
DA:97,1
DA:98,1
DA:99,1
DA:100,1
DA:101,1
DA:102,1
DA:103,1
DA:104,1
DA:105,0
DA:106,1
DA:108,1
DA:109,0
DA:110,0
DA:111,1
DA:112,0
DA:113,0
DA:114,0
DA:115,0
DA:116,0
DA:117,0
DA:118,0
DA:119,0
DA:120,0
DA:121,0
DA:122,0
DA:124,1
DA:125,0
DA:126,0
DA:127,1
DA:128,0
DA:129,0
DA:130,0
DA:131,0
DA:132,0
DA:133,0
DA:134,0
DA:135,0
DA:136,0
DA:137,0
DA:138,0
DA:139,1
LF:118
LH:37
BRDA:17,0,0,1
BRDA:20,1,0,1
BRDA:95,2,0,1
BRDA:104,3,0,0
BRDA:98,4,0,1
BRF:5
BRH:4
end_of_record
TN:
SF:src/domain/contexts/community/role/end-user-role/end-user-role-permissions.ts
FN:59,<instance_members_initializer>
FN:61,EndUserRolePermissions
FN:66,get communityPermissions
FN:72,get propertyPermissions
FN:78,get serviceTicketPermissions
FN:84,get servicePermissions
FN:90,get violationTicketPermissions
FNF:7
FNH:3
FNDA:1,<instance_members_initializer>
FNDA:1,EndUserRolePermissions
FNDA:1,get communityPermissions
FNDA:0,get propertyPermissions
FNDA:0,get serviceTicketPermissions
FNDA:0,get servicePermissions
FNDA:0,get violationTicketPermissions
DA:1,1
DA:2,1
DA:8,1
DA:13,1
DA:18,1
DA:23,1
DA:56,1
DA:57,1
DA:59,1
DA:60,1
DA:61,1
DA:62,1
DA:63,1
DA:64,1
DA:66,1
DA:67,1
DA:68,1
DA:69,1
DA:70,1
DA:71,1
DA:72,1
DA:73,0
DA:74,0
DA:75,0
DA:76,0
DA:77,0
DA:78,1
DA:79,0
DA:80,0
DA:81,0
DA:82,0
DA:83,0
DA:84,1
DA:85,0
DA:86,0
DA:87,0
DA:88,0
DA:89,0
DA:90,1
DA:91,0
DA:92,0
DA:93,0
DA:94,0
DA:95,0
DA:96,1
LF:45
LH:25
BRDA:59,0,0,1
BRDA:61,1,0,1
BRDA:66,2,0,1
BRF:3
BRH:3
end_of_record
TN:
SF:src/domain/contexts/community/role/end-user-role/end-user-role-property-permissions.ts
FN:14,<instance_members_initializer>
FNF:1
FNH:0
FNDA:0,<instance_members_initializer>
DA:1,1
DA:11,1
DA:12,1
DA:14,0
DA:15,0
DA:16,0
DA:17,0
DA:18,0
DA:19,0
DA:21,0
DA:22,0
DA:23,0
DA:24,0
DA:25,0
DA:26,0
DA:27,0
DA:28,0
DA:29,0
DA:30,0
DA:31,0
DA:32,0
DA:33,0
DA:34,0
DA:35,0
DA:37,0
DA:38,0
DA:39,0
DA:40,0
DA:41,0
DA:42,0
DA:43,0
DA:44,0
DA:45,0
DA:46,0
DA:47,0
DA:48,0
DA:49,0
DA:50,0
DA:51,0
DA:53,0
DA:54,0
DA:55,0
DA:56,0
DA:57,0
DA:58,0
DA:59,0
LF:46
LH:3
BRF:0
BRH:0
end_of_record
TN:
SF:src/domain/contexts/community/role/end-user-role/end-user-role-service-permissions.ts
FN:14,<instance_members_initializer>
FNF:1
FNH:0
FNDA:0,<instance_members_initializer>
DA:1,1
DA:11,1
DA:12,1
DA:14,0
DA:16,0
DA:20,0
DA:21,0
DA:22,0
DA:23,0
DA:27,0
DA:28,0
DA:29,0
DA:30,0
DA:31,0
DA:32,0
DA:33,0
DA:34,0
DA:35,0
DA:36,0
DA:37,0
DA:38,0
DA:39,0
DA:40,0
DA:41,0
DA:43,0
LF:25
LH:3
BRF:0
BRH:0
end_of_record
TN:
SF:src/domain/contexts/community/role/end-user-role/end-user-role-service-ticket-permissions.ts
FN:14,<instance_members_initializer>
FNF:1
FNH:0
FNDA:0,<instance_members_initializer>
DA:1,1
DA:11,1
DA:12,1
DA:14,0
DA:16,0
DA:19,0
DA:20,0
DA:21,0
DA:22,0
DA:23,0
DA:24,0
DA:25,0
DA:29,0
DA:30,0
DA:31,0
DA:32,0
DA:33,0
DA:34,0
DA:35,0
DA:36,0
DA:37,0
DA:38,0
DA:39,0
DA:40,0
DA:41,0
DA:42,0
DA:43,0
DA:44,0
DA:45,0
DA:46,0
DA:47,0
DA:48,0
DA:49,0
DA:50,0
DA:51,0
DA:52,0
DA:53,0
DA:54,0
DA:55,0
DA:56,0
DA:57,0
DA:58,0
DA:60,0
DA:61,0
DA:62,0
DA:63,0
DA:64,0
DA:65,0
DA:66,0
DA:67,0
DA:68,0
DA:69,0
DA:70,0
DA:71,0
DA:72,0
DA:73,0
DA:74,0
DA:75,0
DA:76,0
DA:77,0
DA:78,0
DA:79,0
DA:80,0
DA:81,0
DA:82,0
DA:83,0
DA:84,0
DA:85,0
DA:86,0
DA:87,0
DA:88,0
DA:89,0
DA:90,0
DA:91,0
DA:92,0
DA:93,0
DA:94,0
DA:95,0
DA:96,0
DA:97,0
DA:98,0
DA:100,0
LF:82
LH:3
BRF:0
BRH:0
end_of_record
TN:
SF:src/domain/contexts/community/role/end-user-role/end-user-role-violation-ticket-permissions.ts
FN:14,<instance_members_initializer>
FNF:1
FNH:0
FNDA:0,<instance_members_initializer>
DA:1,1
DA:11,1
DA:12,1
DA:14,0
DA:15,0
DA:17,0
DA:18,0
DA:19,0
DA:20,0
DA:21,0
DA:22,0
DA:23,0
DA:25,0
DA:26,0
DA:27,0
DA:28,0
DA:29,0
DA:30,0
DA:31,0
DA:32,0
DA:33,0
DA:34,0
DA:35,0
DA:36,0
DA:37,0
DA:38,0
DA:39,0
DA:40,0
DA:41,0
DA:42,0
DA:43,0
DA:44,0
DA:45,0
DA:46,0
DA:47,0
DA:48,0
DA:49,0
DA:50,0
DA:51,0
DA:52,0
DA:53,0
DA:54,0
DA:55,0
DA:56,0
DA:57,0
DA:58,0
DA:59,0
DA:60,0
DA:61,0
DA:62,0
DA:63,0
DA:64,0
DA:65,0
DA:66,0
DA:67,0
DA:68,0
DA:69,0
DA:70,0
DA:71,0
DA:72,0
DA:73,0
DA:74,0
DA:75,0
DA:76,0
DA:77,0
DA:78,0
DA:79,0
DA:80,0
DA:81,0
DA:82,0
DA:83,0
DA:84,0
DA:85,0
DA:86,0
DA:87,0
DA:88,0
DA:89,0
DA:90,0
DA:91,0
DA:92,0
DA:93,0
DA:94,0
LF:82
LH:3
BRF:0
BRH:0
end_of_record
TN:
SF:src/domain/contexts/community/role/end-user-role/end-user-role.repository.ts
FN:1,(empty-report)
FNF:1
FNH:1
FNDA:1,(empty-report)
LF:0
LH:0
BRDA:1,0,0,1
BRF:1
BRH:1
end_of_record
TN:
SF:src/domain/contexts/community/role/end-user-role/end-user-role.ts
FN:38,<instance_members_initializer>
FN:45,EndUserRole
FN:52,getNewInstance
FN:67,deleteAndReassignTo
FN:89,get roleName
FN:92,set roleName
FN:105,get community
FN:108,set community
FN:122,get isDefault
FN:125,set isDefault
FN:140,get permissions
FN:143,get roleType
FN:146,get createdAt
FN:149,get updatedAt
FN:152,get schemaVersion
FNF:15
FNH:8
FNDA:4,<instance_members_initializer>
FNDA:4,EndUserRole
FNDA:2,getNewInstance
FNDA:0,deleteAndReassignTo
FNDA:0,get roleName
FNDA:3,set roleName
FNDA:4,get community
FNDA:1,set community
FNDA:0,get isDefault
FNDA:1,set isDefault
FNDA:1,get permissions
FNDA:0,get roleType
FNDA:0,get createdAt
FNDA:0,get updatedAt
FNDA:0,get schemaVersion
DA:1,1
DA:6,1
DA:7,1
DA:13,1
DA:14,1
DA:35,1
DA:36,1
DA:38,4
DA:40,4
DA:41,4
DA:45,4
DA:46,4
DA:47,4
DA:48,4
DA:52,4
DA:53,2
DA:54,2
DA:55,2
DA:56,2
DA:57,2
DA:58,2
DA:59,2
DA:60,2
DA:61,2
DA:62,2
DA:63,2
DA:64,2
DA:65,2
DA:66,2
DA:67,4
DA:68,0
DA:69,0
DA:70,0
DA:71,0
DA:72,0
DA:73,0
DA:74,0
DA:75,0
DA:76,0
DA:77,0
DA:78,0
DA:79,0
DA:80,0
DA:81,0
DA:82,0
DA:83,0
DA:84,0
DA:85,0
DA:89,4
DA:90,0
DA:91,0
DA:92,4
DA:93,3
DA:94,3
DA:95,1
DA:96,1
DA:97,1
DA:98,1
DA:99,3
DA:100,0
DA:101,0
DA:102,3
DA:103,3
DA:105,4
DA:106,4
DA:107,4
DA:108,4
DA:109,1
DA:110,1
DA:111,0
DA:112,0
DA:113,0
DA:114,0
DA:115,1
DA:116,0
DA:117,0
DA:118,0
DA:119,0
DA:120,1
DA:121,1
DA:122,4
DA:123,0
DA:124,0
DA:125,4
DA:126,1
DA:127,1
DA:128,0
DA:129,0
DA:130,0
DA:131,0
DA:132,0
DA:133,1
DA:134,0
DA:135,0
DA:136,0
DA:137,0
DA:138,1
DA:139,1
DA:140,4
DA:141,1
DA:142,1
DA:143,4
DA:144,0
DA:145,0
DA:146,4
DA:147,0
DA:148,0
DA:149,4
DA:150,0
DA:151,0
DA:152,4
DA:153,0
DA:154,0
DA:156,4
LF:114
LH:65
BRDA:38,0,0,4
BRDA:45,1,0,4
BRDA:52,2,0,2
BRDA:92,3,0,3
BRDA:94,4,0,1
BRDA:99,5,0,0
BRDA:96,6,0,1
BRDA:105,7,0,4
BRDA:108,8,0,1
BRDA:110,9,0,0
BRDA:115,10,0,0
BRDA:125,11,0,1
BRDA:127,12,0,0
BRDA:133,13,0,0
BRDA:140,14,0,1
BRF:15
BRH:10
end_of_record
TN:
SF:src/domain/contexts/community/role/end-user-role/end-user-role.uow.ts
FN:1,(empty-report)
FNF:1
FNH:1
FNDA:1,(empty-report)
LF:0
LH:0
BRDA:1,0,0,1
BRF:1
BRH:1
end_of_record
TN:
SF:src/domain/contexts/community/role/end-user-role/end-user-role.value-objects.ts
FNF:0
FNH:0
DA:1,1
DA:3,1
DA:4,1
DA:5,1
DA:6,1
DA:7,1
LF:6
LH:6
BRF:0
BRH:0
end_of_record
TN:
SF:src/domain/contexts/community/role/vendor-user-role/vendor-user-role-community-permissions.ts
FN:22,<instance_members_initializer>
FN:24,VendorUserRoleCommunityPermissions
FN:32,get canManageEndUserRolesAndPermissions
FN:35,get canManageCommunitySettings
FN:38,get canManageSiteContent
FN:41,get canManageMembers
FN:44,get canEditOwnMemberProfile
FN:47,get canEditOwnMemberAccounts
FN:53,set CanManageRolesAndPermissions
FN:66,set CanManageCommunitySettings
FN:79,set CanManageSiteContent
FN:92,set CanManageMembers
FN:105,set CanEditOwnMemberProfile
FN:118,set CanEditOwnMemberAccounts
FNF:14
FNH:3
FNDA:1,<instance_members_initializer>
FNDA:1,VendorUserRoleCommunityPermissions
FNDA:0,get canManageEndUserRolesAndPermissions
FNDA:0,get canManageCommunitySettings
FNDA:0,get canManageSiteContent
FNDA:0,get canManageMembers
FNDA:0,get canEditOwnMemberProfile
FNDA:0,get canEditOwnMemberAccounts
FNDA:0,set CanManageRolesAndPermissions
FNDA:0,set CanManageCommunitySettings
FNDA:0,set CanManageSiteContent
FNDA:1,set CanManageMembers
FNDA:0,set CanEditOwnMemberProfile
FNDA:0,set CanEditOwnMemberAccounts
DA:1,1
DA:19,1
DA:20,1
DA:22,1
DA:23,1
DA:24,1
DA:25,1
DA:26,1
DA:27,1
DA:28,1
DA:29,1
DA:30,1
DA:32,1
DA:33,0
DA:34,0
DA:35,1
DA:36,0
DA:37,0
DA:38,1
DA:39,0
DA:40,0
DA:41,1
DA:42,0
DA:43,0
DA:44,1
DA:45,0
DA:46,0
DA:47,1
DA:48,0
DA:49,0
DA:53,1
DA:54,0
DA:55,0
DA:56,0
DA:57,0
DA:58,0
DA:59,0
DA:60,0
DA:61,0
DA:62,0
DA:63,0
DA:64,0
DA:66,1
DA:67,0
DA:68,0
DA:69,0
DA:70,0
DA:71,0
DA:72,0
DA:73,0
DA:74,0
DA:75,0
DA:76,0
DA:77,0
DA:79,1
DA:80,0
DA:81,0
DA:82,0
DA:83,0
DA:84,0
DA:85,0
DA:86,0
DA:87,0
DA:88,0
DA:89,0
DA:90,0
DA:92,1
DA:93,1
DA:94,1
DA:95,1
DA:96,1
DA:97,1
DA:98,1
DA:99,1
DA:100,1
DA:101,1
DA:102,0
DA:103,1
DA:105,1
DA:106,0
DA:107,0
DA:108,0
DA:109,0
DA:110,0
DA:111,0
DA:112,0
DA:113,0
DA:114,0
DA:115,0
DA:116,0
DA:118,1
DA:119,0
DA:120,0
DA:121,0
DA:122,0
DA:123,0
DA:124,0
DA:125,0
DA:126,0
DA:127,0
DA:128,0
DA:129,0
DA:130,1
LF:103
LH:35
BRDA:22,0,0,1
BRDA:24,1,0,1
BRDA:92,2,0,1
BRDA:101,3,0,0
BRDA:95,4,0,1
BRF:5
BRH:4
end_of_record
TN:
SF:src/domain/contexts/community/role/vendor-user-role/vendor-user-role-permissions.ts
FN:59,<instance_members_initializer>
FN:61,VendorUserRolePermissions
FN:66,get communityPermissions
FN:72,get propertyPermissions
FN:78,get serviceTicketPermissions
FN:84,get servicePermissions
FN:90,get violationTicketPermissions
FNF:7
FNH:3
FNDA:1,<instance_members_initializer>
FNDA:1,VendorUserRolePermissions
FNDA:1,get communityPermissions
FNDA:0,get propertyPermissions
FNDA:0,get serviceTicketPermissions
FNDA:0,get servicePermissions
FNDA:0,get violationTicketPermissions
DA:1,1
DA:7,1
DA:12,1
DA:17,1
DA:22,1
DA:27,1
DA:56,1
DA:57,1
DA:59,1
DA:60,1
DA:61,1
DA:62,1
DA:63,1
DA:64,1
DA:66,1
DA:67,1
DA:68,1
DA:69,1
DA:70,1
DA:71,1
DA:72,1
DA:73,0
DA:74,0
DA:75,0
DA:76,0
DA:77,0
DA:78,1
DA:79,0
DA:80,0
DA:81,0
DA:82,0
DA:83,0
DA:84,1
DA:85,0
DA:86,0
DA:87,0
DA:88,0
DA:89,0
DA:90,1
DA:91,0
DA:92,0
DA:93,0
DA:94,0
DA:95,0
DA:96,1
LF:45
LH:25
BRDA:59,0,0,1
BRDA:61,1,0,1
BRDA:66,2,0,1
BRF:3
BRH:3
end_of_record
TN:
SF:src/domain/contexts/community/role/vendor-user-role/vendor-user-role-property-permissions.ts
FN:14,<instance_members_initializer>
FNF:1
FNH:0
FNDA:0,<instance_members_initializer>
DA:1,1
DA:11,1
DA:12,1
DA:14,0
DA:15,0
DA:16,0
DA:17,0
DA:18,0
DA:19,0
DA:20,0
DA:21,0
DA:22,0
DA:24,0
DA:25,0
DA:26,0
DA:27,0
DA:28,0
DA:29,0
DA:30,0
DA:31,0
DA:32,0
DA:33,0
DA:34,0
DA:35,0
DA:39,0
DA:40,0
DA:41,0
DA:42,0
DA:43,0
DA:44,0
DA:45,0
DA:46,0
DA:47,0
DA:48,0
DA:49,0
DA:50,0
DA:52,0
DA:53,0
DA:54,0
DA:55,0
DA:56,0
DA:57,0
DA:58,0
DA:59,0
DA:60,0
DA:61,0
DA:62,0
DA:63,0
DA:64,0
LF:49
LH:3
BRDA:14,0,0,0
BRF:1
BRH:0
end_of_record
TN:
SF:src/domain/contexts/community/role/vendor-user-role/vendor-user-role-service-permissions.ts
FN:18,<instance_members_initializer>
FNF:1
FNH:0
FNDA:0,<instance_members_initializer>
DA:1,1
DA:15,1
DA:16,1
DA:18,0
DA:19,0
DA:20,0
DA:21,0
DA:22,0
DA:23,0
DA:24,0
DA:25,0
DA:26,0
DA:28,0
DA:29,0
DA:30,0
DA:31,0
DA:32,0
DA:33,0
DA:37,0
DA:38,0
DA:39,0
DA:40,0
DA:41,0
DA:42,0
DA:43,0
DA:44,0
DA:45,0
DA:46,0
DA:47,0
DA:48,0
DA:49,0
LF:31
LH:3
BRDA:18,0,0,0
BRF:1
BRH:0
end_of_record
TN:
SF:src/domain/contexts/community/role/vendor-user-role/vendor-user-role-service-ticket-permissions.ts
FN:14,<instance_members_initializer>
FNF:1
FNH:0
FNDA:0,<instance_members_initializer>
DA:1,1
DA:11,1
DA:12,1
DA:14,0
DA:15,0
DA:16,0
DA:17,0
DA:18,0
DA:19,0
DA:20,0
DA:21,0
DA:22,0
DA:24,0
DA:25,0
DA:26,0
DA:27,0
DA:28,0
DA:29,0
DA:30,0
DA:31,0
DA:32,0
DA:33,0
DA:34,0
DA:35,0
DA:36,0
DA:37,0
DA:38,0
DA:39,0
DA:40,0
DA:41,0
DA:42,0
DA:43,0
DA:44,0
DA:48,0
DA:49,0
DA:50,0
DA:51,0
DA:52,0
DA:53,0
DA:54,0
DA:55,0
DA:56,0
DA:57,0
DA:58,0
DA:59,0
DA:61,0
DA:62,0
DA:63,0
DA:64,0
DA:65,0
DA:66,0
DA:67,0
DA:68,0
DA:69,0
DA:70,0
DA:71,0
DA:72,0
DA:74,0
DA:75,0
DA:76,0
DA:77,0
DA:78,0
DA:79,0
DA:80,0
DA:81,0
DA:82,0
DA:83,0
DA:84,0
DA:85,0
DA:87,0
DA:88,0
DA:89,0
DA:90,0
DA:91,0
DA:92,0
DA:93,0
DA:94,0
DA:95,0
DA:96,0
DA:97,0
DA:98,0
DA:99,0
LF:82
LH:3
BRDA:14,0,0,0
BRF:1
BRH:0
end_of_record
TN:
SF:src/domain/contexts/community/role/vendor-user-role/vendor-user-role-violation-ticket-permissions.ts
FN:14,<instance_members_initializer>
FNF:1
FNH:0
FNDA:0,<instance_members_initializer>
DA:1,1
DA:11,1
DA:12,1
DA:14,0
DA:15,0
DA:16,0
DA:17,0
DA:18,0
DA:19,0
DA:20,0
DA:21,0
DA:22,0
DA:24,0
DA:25,0
DA:26,0
DA:27,0
DA:28,0
DA:29,0
DA:30,0
DA:31,0
DA:32,0
DA:33,0
DA:34,0
DA:35,0
DA:36,0
DA:37,0
DA:38,0
DA:39,0
DA:40,0
DA:41,0
DA:42,0
DA:43,0
DA:44,0
DA:48,0
DA:49,0
DA:50,0
DA:51,0
DA:52,0
DA:53,0
DA:54,0
DA:55,0
DA:56,0
DA:57,0
DA:58,0
DA:59,0
DA:61,0
DA:62,0
DA:63,0
DA:64,0
DA:65,0
DA:66,0
DA:67,0
DA:68,0
DA:69,0
DA:70,0
DA:71,0
DA:72,0
DA:74,0
DA:75,0
DA:76,0
DA:77,0
DA:78,0
DA:79,0
DA:80,0
DA:81,0
DA:82,0
DA:83,0
DA:84,0
DA:85,0
DA:87,0
DA:88,0
DA:89,0
DA:90,0
DA:91,0
DA:92,0
DA:93,0
DA:94,0
DA:95,0
DA:96,0
DA:97,0
DA:98,0
DA:99,0
LF:82
LH:3
BRDA:14,0,0,0
BRF:1
BRH:0
end_of_record
TN:
SF:src/domain/contexts/community/role/vendor-user-role/vendor-user-role.repository.ts
FN:1,(empty-report)
FNF:1
FNH:1
FNDA:1,(empty-report)
LF:0
LH:0
BRDA:1,0,0,1
BRF:1
BRH:1
end_of_record
TN:
SF:src/domain/contexts/community/role/vendor-user-role/vendor-user-role.ts
FN:40,<instance_members_initializer>
FN:44,VendorUserRole
FN:49,getNewInstance
FN:65,deleteAndReassignTo
FN:84,get community
FN:87,set community
FN:101,get isDefault
FN:104,set isDefault
FN:120,get roleName
FN:123,set roleName
FN:135,get permissions
FN:138,get roleType
FN:141,get createdAt
FN:144,get updatedAt
FN:147,get schemaVersion
FNF:15
FNH:8
FNDA:4,<instance_members_initializer>
FNDA:4,VendorUserRole
FNDA:2,getNewInstance
FNDA:0,deleteAndReassignTo
FNDA:4,get community
FNDA:1,set community
FNDA:0,get isDefault
FNDA:1,set isDefault
FNDA:0,get roleName
FNDA:3,set roleName
FNDA:1,get permissions
FNDA:0,get roleType
FNDA:0,get createdAt
FNDA:0,get updatedAt
FNDA:0,get schemaVersion
DA:1,1
DA:2,1
DA:7,1
DA:8,1
DA:14,1
DA:37,1
DA:38,1
DA:40,4
DA:41,4
DA:42,4
DA:44,4
DA:45,4
DA:46,4
DA:47,4
DA:49,4
DA:50,2
DA:51,2
DA:52,2
DA:53,2
DA:54,2
DA:55,2
DA:56,2
DA:57,2
DA:58,2
DA:59,2
DA:60,2
DA:61,2
DA:62,2
DA:63,2
DA:65,4
DA:66,0
DA:67,0
DA:68,0
DA:69,0
DA:70,0
DA:71,0
DA:72,0
DA:73,0
DA:74,0
DA:75,0
DA:76,0
DA:77,0
DA:78,0
DA:79,0
DA:80,0
DA:81,0
DA:82,0
DA:84,4
DA:85,4
DA:86,4
DA:87,4
DA:88,1
DA:89,1
DA:90,0
DA:91,0
DA:92,0
DA:93,1
DA:94,0
DA:95,0
DA:96,0
DA:97,0
DA:98,1
DA:99,1
DA:101,4
DA:102,0
DA:103,0
DA:104,4
DA:105,1
DA:106,1
DA:107,0
DA:108,0
DA:109,0
DA:110,0
DA:111,0
DA:112,1
DA:113,0
DA:114,0
DA:115,0
DA:116,0
DA:117,1
DA:118,1
DA:120,4
DA:121,0
DA:122,0
DA:123,4
DA:124,3
DA:125,3
DA:126,1
DA:127,1
DA:128,1
DA:129,3
DA:130,0
DA:131,0
DA:132,3
DA:133,3
DA:135,4
DA:136,1
DA:137,1
DA:138,4
DA:139,0
DA:140,0
DA:141,4
DA:142,0
DA:143,0
DA:144,4
DA:145,0
DA:146,0
DA:147,4
DA:148,0
DA:149,0
DA:150,4
LF:111
LH:64
BRDA:40,0,0,4
BRDA:44,1,0,4
BRDA:49,2,0,2
BRDA:84,3,0,4
BRDA:87,4,0,1
BRDA:89,5,0,0
BRDA:93,6,0,0
BRDA:104,7,0,1
BRDA:106,8,0,0
BRDA:112,9,0,0
BRDA:123,10,0,3
BRDA:125,11,0,1
BRDA:129,12,0,0
BRDA:127,13,0,1
BRDA:135,14,0,1
BRF:15
BRH:10
end_of_record
TN:
SF:src/domain/contexts/community/role/vendor-user-role/vendor-user-role.uow.ts
FN:1,(empty-report)
FNF:1
FNH:1
FNDA:1,(empty-report)
LF:0
LH:0
BRDA:1,0,0,1
BRF:1
BRH:1
end_of_record
TN:
SF:src/domain/contexts/community/role/vendor-user-role/vendor-user-role.value-objects.ts
FNF:0
FNH:0
DA:1,1
DA:3,1
DA:4,1
DA:5,1
DA:6,1
DA:7,1
LF:6
LH:6
BRF:0
BRH:0
end_of_record
TN:
SF:src/domain/contexts/property/property.permissions.ts
FN:1,(empty-report)
FNF:1
FNH:1
FNDA:1,(empty-report)
LF:0
LH:0
BRDA:1,0,0,1
BRF:1
BRH:1
end_of_record
TN:
SF:src/domain/contexts/service/service.domain-permissions.ts
FN:1,(empty-report)
FNF:1
FNH:1
FNDA:1,(empty-report)
LF:0
LH:0
BRDA:1,0,0,1
BRF:1
BRH:1
end_of_record
TN:
SF:src/domain/contexts/service/service.passport.ts
FN:1,(empty-report)
FNF:1
FNH:1
FNDA:1,(empty-report)
LF:0
LH:0
BRDA:1,0,0,1
BRF:1
BRH:1
end_of_record
TN:
SF:src/domain/contexts/service/service.visa.ts
FN:1,(empty-report)
FNF:1
FNH:1
FNDA:1,(empty-report)
LF:0
LH:0
BRDA:1,0,0,1
BRF:1
BRH:1
end_of_record
TN:
SF:src/domain/contexts/service/service/service.repository.ts
FN:1,(empty-report)
FNF:1
FNH:1
FNDA:1,(empty-report)
LF:0
LH:0
BRDA:1,0,0,1
BRF:1
BRH:1
end_of_record
TN:
SF:src/domain/contexts/service/service/service.ts
FN:1,(empty-report)
FNF:1
FNH:0
FNDA:0,(empty-report)
DA:1,0
DA:2,0
DA:7,0
DA:28,0
DA:29,0
DA:31,0
DA:32,0
DA:33,0
DA:34,0
DA:35,0
DA:36,0
DA:37,0
DA:39,0
DA:40,0
DA:41,0
DA:42,0
DA:43,0
DA:44,0
DA:45,0
DA:46,0
DA:47,0
DA:48,0
DA:49,0
DA:50,0
DA:51,0
DA:52,0
DA:53,0
DA:54,0
DA:56,0
DA:57,0
DA:58,0
DA:60,0
DA:61,0
DA:62,0
DA:63,0
DA:64,0
DA:65,0
DA:66,0
DA:67,0
DA:68,0
DA:69,0
DA:70,0
DA:71,0
DA:72,0
DA:73,0
DA:74,0
DA:75,0
DA:76,0
DA:77,0
DA:78,0
DA:79,0
DA:80,0
DA:81,0
DA:82,0
DA:83,0
DA:84,0
DA:85,0
DA:86,0
DA:87,0
DA:88,0
DA:89,0
DA:90,0
DA:91,0
DA:92,0
DA:93,0
DA:94,0
DA:95,0
DA:96,0
DA:97,0
DA:98,0
DA:99,0
DA:100,0
DA:101,0
DA:102,0
DA:103,0
DA:104,0
DA:105,0
DA:106,0
DA:107,0
DA:108,0
DA:109,0
DA:110,0
DA:111,0
DA:112,0
DA:113,0
DA:114,0
DA:115,0
DA:116,0
DA:117,0
DA:118,0
LF:90
LH:0
BRDA:1,0,0,0
BRF:1
BRH:0
end_of_record
TN:
SF:src/domain/contexts/service/service/service.uow.ts
FN:1,(empty-report)
FNF:1
FNH:1
FNDA:1,(empty-report)
LF:0
LH:0
BRDA:1,0,0,1
BRF:1
BRH:1
end_of_record
TN:
SF:src/domain/contexts/service/service/service.value-objects.ts
FN:1,(empty-report)
FNF:1
FNH:0
FNDA:0,(empty-report)
DA:1,0
DA:3,0
DA:4,0
DA:5,0
DA:6,0
DA:7,0
DA:8,0
LF:7
LH:0
BRDA:1,0,0,0
BRF:1
BRH:0
end_of_record
TN:
SF:src/domain/contexts/user/index.ts
FN:1,(empty-report)
FNF:1
FNH:0
FNDA:0,(empty-report)
DA:1,0
LF:1
LH:0
BRDA:1,0,0,0
BRF:1
BRH:0
end_of_record
TN:
SF:src/domain/contexts/user/user.domain-permissions.ts
FN:1,(empty-report)
FNF:1
FNH:1
FNDA:1,(empty-report)
LF:0
LH:0
BRDA:1,0,0,1
BRF:1
BRH:1
end_of_record
TN:
SF:src/domain/contexts/user/user.passport.ts
FN:1,(empty-report)
FNF:1
FNH:1
FNDA:1,(empty-report)
LF:0
LH:0
BRDA:1,0,0,1
BRF:1
BRH:1
end_of_record
TN:
SF:src/domain/contexts/user/user.visa.ts
FN:1,(empty-report)
FNF:1
FNH:1
FNDA:1,(empty-report)
LF:0
LH:0
BRDA:1,0,0,1
BRF:1
BRH:1
end_of_record
TN:
SF:src/domain/contexts/user/end-user/end-user-contact-information.ts
FN:16,<instance_members_initializer>
FN:19,EndUserContactInformation
FN:24,getNewInstance
FN:36,markAsNew
FN:40,get email
FN:43,set email
FNF:6
FNH:5
FNDA:6,<instance_members_initializer>
FNDA:6,EndUserContactInformation
FNDA:4,getNewInstance
FNDA:4,markAsNew
FNDA:0,get email
FNDA:6,set email
DA:1,1
DA:2,1
DA:13,1
DA:14,1
DA:16,6
DA:17,6
DA:18,6
DA:19,6
DA:20,6
DA:21,6
DA:22,6
DA:24,6
DA:25,4
DA:26,4
DA:27,4
DA:28,4
DA:29,4
DA:30,4
DA:31,4
DA:32,4
DA:33,4
DA:34,4
DA:36,6
DA:37,4
DA:38,4
DA:40,6
DA:41,0
DA:42,0
DA:43,6
DA:44,6
DA:45,6
DA:46,2
DA:47,2
DA:48,2
DA:49,2
DA:50,6
DA:51,0
DA:52,0
DA:53,6
DA:54,6
DA:55,6
LF:41
LH:37
BRDA:16,0,0,6
BRDA:19,1,0,6
BRDA:24,2,0,4
BRDA:36,3,0,4
BRDA:43,4,0,6
BRDA:45,5,0,2
BRDA:50,6,0,0
BRDA:47,7,0,2
BRDA:48,8,0,0
BRF:9
BRH:7
end_of_record
TN:
SF:src/domain/contexts/user/end-user/end-user-identity-details.ts
FN:18,<instance_members_initializer>
FN:21,EndUserIdentityDetails
FN:26,markAsNew
FN:30,getNewInstance
FN:46,validateVisa
FN:58,get lastName
FN:61,set lastName
FN:66,get legalNameConsistsOfOneName
FN:69,set legalNameConsistsOfOneName
FN:74,get restOfName
FN:77,set restOfName
FNF:11
FNH:9
FNDA:9,<instance_members_initializer>
FNDA:9,EndUserIdentityDetails
FNDA:6,markAsNew
FNDA:6,getNewInstance
FNDA:16,validateVisa
FNDA:0,get lastName
FNDA:6,set lastName
FNDA:3,get legalNameConsistsOfOneName
FNDA:5,set legalNameConsistsOfOneName
FNDA:0,get restOfName
FNDA:5,set restOfName
DA:1,1
DA:2,1
DA:15,1
DA:16,1
DA:18,9
DA:19,9
DA:20,9
DA:21,9
DA:22,9
DA:23,9
DA:24,9
DA:26,9
DA:27,6
DA:28,6
DA:30,9
DA:31,6
DA:32,6
DA:33,6
DA:34,6
DA:35,6
DA:36,6
DA:37,6
DA:38,6
DA:39,6
DA:40,6
DA:41,6
DA:42,6
DA:43,6
DA:44,6
DA:46,9
DA:47,16
DA:48,16
DA:49,0
DA:50,0
DA:51,0
DA:52,0
DA:53,16
DA:54,0
DA:55,0
DA:56,16
DA:58,9
DA:59,0
DA:60,0
DA:61,9
DA:62,6
DA:63,6
DA:64,6
DA:66,9
DA:67,3
DA:68,3
DA:69,9
DA:70,5
DA:71,5
DA:72,5
DA:74,9
DA:75,0
DA:76,0
DA:77,9
DA:78,5
DA:79,5
DA:80,3
DA:81,2
DA:82,5
DA:83,9
LF:64
LH:54
BRDA:18,0,0,9
BRDA:21,1,0,9
BRDA:26,2,0,6
BRDA:30,3,0,6
BRDA:46,4,0,16
BRDA:48,5,0,0
BRDA:53,6,0,0
BRDA:61,7,0,6
BRDA:66,8,0,3
BRDA:69,9,0,5
BRDA:77,10,0,5
BRDA:79,11,0,3
BRDA:80,12,0,2
BRF:13
BRH:11
end_of_record
TN:
SF:src/domain/contexts/user/end-user/end-user-personal-information.ts
FN:34,<instance_members_initializer>
FN:37,EndUserPersonalInformation
FN:42,markAsNew
FN:45,getNewInstance
FN:59,get identityDetails
FN:62,set identityDetails
FN:75,get contactInformation
FN:81,set contactInformation
FNF:8
FNH:8
FNDA:11,<instance_members_initializer>
FNDA:11,EndUserPersonalInformation
FNDA:6,markAsNew
FNDA:6,getNewInstance
FNDA:3,get identityDetails
FNDA:6,set identityDetails
FNDA:2,get contactInformation
FNDA:4,set contactInformation
DA:1,1
DA:2,1
DA:7,1
DA:31,1
DA:32,1
DA:34,11
DA:35,11
DA:36,11
DA:37,11
DA:38,11
DA:39,11
DA:40,11
DA:42,11
DA:43,6
DA:44,6
DA:45,11
DA:46,6
DA:47,6
DA:48,6
DA:49,6
DA:50,6
DA:51,6
DA:52,6
DA:53,6
DA:54,6
DA:55,6
DA:56,6
DA:57,6
DA:59,11
DA:60,3
DA:61,3
DA:62,11
DA:63,6
DA:64,0
DA:65,0
DA:66,6
DA:67,6
DA:68,6
DA:69,6
DA:70,6
DA:71,6
DA:72,6
DA:73,6
DA:75,11
DA:76,2
DA:77,2
DA:78,2
DA:79,2
DA:80,2
DA:81,11
DA:82,4
DA:83,0
DA:84,0
DA:85,4
DA:86,4
DA:87,4
DA:88,4
DA:89,4
DA:90,4
DA:91,11
LF:60
LH:56
BRDA:34,0,0,11
BRDA:37,1,0,11
BRDA:42,2,0,6
BRDA:45,3,0,6
BRDA:59,4,0,3
BRDA:62,5,0,6
BRDA:63,6,0,0
BRDA:75,7,0,2
BRDA:81,8,0,4
BRDA:82,9,0,0
BRF:10
BRH:8
end_of_record
TN:
SF:src/domain/contexts/user/end-user/end-user.repository.ts
FN:1,(empty-report)
FNF:1
FNH:1
FNDA:1,(empty-report)
LF:0
LH:0
BRDA:1,0,0,1
BRF:1
BRH:1
end_of_record
TN:
SF:src/domain/contexts/user/end-user/end-user.ts
FN:32,<instance_members_initializer>
FN:35,EndUser
FN:40,getNewInstance
FN:82,markAsNew
FN:87,validateVisa
FN:98,validateVisaElevated
FN:107,get email
FN:110,set email
FN:114,get displayName
FN:117,set displayName
FN:123,get externalId
FN:126,set externalId
FN:132,get accessBlocked
FN:135,set accessBlocked
FN:140,get tags
FN:143,set tags
FN:147,get personalInformation
FN:153,set personalInformation
FN:167,get userType
FN:170,get updatedAt
FN:173,get createdAt
FN:176,get schemaVersion
FNF:22
FNH:12
FNDA:9,<instance_members_initializer>
FNDA:9,EndUser
FNDA:7,getNewInstance
FNDA:7,markAsNew
FNDA:4,validateVisa
FNDA:0,validateVisaElevated
FNDA:0,get email
FNDA:0,set email
FNDA:2,get displayName
FNDA:4,set displayName
FNDA:1,get externalId
FNDA:7,set externalId
FNDA:0,get accessBlocked
FNDA:0,set accessBlocked
FNDA:0,get tags
FNDA:0,set tags
FNDA:5,get personalInformation
FNDA:6,set personalInformation
FNDA:1,get userType
FNDA:0,get updatedAt
FNDA:0,get createdAt
FNDA:0,get schemaVersion
DA:1,1
DA:2,1
DA:3,1
DA:4,1
DA:29,1
DA:30,1
DA:32,9
DA:33,9
DA:34,9
DA:35,9
DA:36,9
DA:37,9
DA:38,9
DA:40,9
DA:41,7
DA:42,7
DA:43,7
DA:44,7
DA:45,7
DA:46,7
DA:47,7
DA:48,7
DA:49,7
DA:50,7
DA:51,7
DA:52,4
DA:53,4
DA:54,4
DA:55,4
DA:56,4
DA:57,4
DA:58,4
DA:59,4
DA:60,4
DA:61,4
DA:62,4
DA:63,4
DA:64,7
DA:65,2
DA:66,2
DA:67,2
DA:68,2
DA:69,2
DA:70,2
DA:71,2
DA:72,2
DA:73,2
DA:74,2
DA:75,2
DA:76,2
DA:77,2
DA:78,4
DA:79,4
DA:80,7
DA:82,9
DA:83,7
DA:84,7
DA:85,7
DA:87,9
DA:88,4
DA:89,4
DA:90,0
DA:91,0
DA:92,0
DA:93,0
DA:94,4
DA:95,0
DA:96,0
DA:97,4
DA:98,9
DA:99,0
DA:100,0
DA:101,0
DA:102,0
DA:103,0
DA:104,0
DA:105,0
DA:107,9
DA:108,0
DA:109,0
DA:110,9
DA:111,0
DA:112,0
DA:113,0
DA:114,9
DA:115,2
DA:116,2
DA:117,9
DA:118,4
DA:119,4
DA:120,4
DA:121,4
DA:122,4
DA:123,9
DA:124,1
DA:125,1
DA:126,9
DA:127,7
DA:128,0
DA:129,0
DA:130,7
DA:131,7
DA:132,9
DA:133,0
DA:134,0
DA:135,9
DA:136,0
DA:137,0
DA:138,0
DA:140,9
DA:141,0
DA:142,0
DA:143,9
DA:144,0
DA:145,0
DA:146,0
DA:147,9
DA:148,5
DA:149,5
DA:150,5
DA:151,5
DA:152,5
DA:153,9
DA:154,6
DA:155,0
DA:156,0
DA:157,0
DA:158,0
DA:159,6
DA:160,6
DA:161,6
DA:162,6
DA:163,6
DA:164,6
DA:165,6
DA:167,9
DA:168,1
DA:169,1
DA:170,9
DA:171,0
DA:172,0
DA:173,9
DA:174,0
DA:175,0
DA:176,9
DA:177,0
DA:178,0
DA:179,9
LF:148
LH:108
BRDA:32,0,0,9
BRDA:35,1,0,9
BRDA:40,2,0,7
BRDA:51,3,0,5
BRDA:51,4,0,4
BRDA:64,5,0,2
BRDA:77,6,0,4
BRDA:82,7,0,7
BRDA:87,8,0,4
BRDA:89,9,0,0
BRDA:94,10,0,0
BRDA:114,11,0,2
BRDA:117,12,0,4
BRDA:123,13,0,1
BRDA:126,14,0,7
BRDA:127,15,0,0
BRDA:147,16,0,5
BRDA:153,17,0,6
BRDA:154,18,0,0
BRDA:167,19,0,1
BRDA:168,20,0,0
BRF:21
BRH:16
end_of_record
TN:
SF:src/domain/contexts/user/end-user/end-user.uow.ts
FN:1,(empty-report)
FNF:1
FNH:1
FNDA:1,(empty-report)
LF:0
LH:0
BRDA:1,0,0,1
BRF:1
BRH:1
end_of_record
TN:
SF:src/domain/contexts/user/end-user/end-user.value-objects.ts
FNF:0
FNH:0
DA:1,1
DA:2,1
DA:3,1
DA:4,1
DA:5,1
DA:6,1
DA:8,1
LF:7
LH:7
BRF:0
BRH:0
end_of_record
TN:
SF:src/domain/contexts/user/end-user/index.ts
FN:1,(empty-report)
FNF:1
FNH:0
FNDA:0,(empty-report)
DA:1,0
LF:1
LH:0
BRDA:1,0,0,0
BRF:1
BRH:0
end_of_record
TN:
SF:src/domain/contexts/user/staff-role/staff-role-community-permissions.ts
FN:21,<instance_members_initializer>
FN:24,StaffRoleCommunityPermissions
FN:29,validateVisa
FN:41,get canManageStaffRolesAndPermissions
FN:44,set canManageStaffRolesAndPermissions
FN:48,get canManageAllCommunities
FN:51,set canManageAllCommunities
FN:55,get canDeleteCommunities
FN:58,set canDeleteCommunities
FN:62,get canChangeCommunityOwner
FN:65,set canChangeCommunityOwner
FN:69,get canReIndexSearchCollections
FN:72,set canReIndexSearchCollections
FNF:13
FNH:4
FNDA:1,<instance_members_initializer>
FNDA:1,StaffRoleCommunityPermissions
FNDA:1,validateVisa
FNDA:0,get canManageStaffRolesAndPermissions
FNDA:0,set canManageStaffRolesAndPermissions
FNDA:0,get canManageAllCommunities
FNDA:1,set canManageAllCommunities
FNDA:0,get canDeleteCommunities
FNDA:0,set canDeleteCommunities
FNDA:0,get canChangeCommunityOwner
FNDA:0,set canChangeCommunityOwner
FNDA:0,get canReIndexSearchCollections
FNDA:0,set canReIndexSearchCollections
DA:1,1
DA:18,1
DA:19,1
DA:21,1
DA:22,1
DA:24,1
DA:25,1
DA:26,1
DA:27,1
DA:29,1
DA:30,1
DA:31,1
DA:32,1
DA:33,1
DA:34,1
DA:35,1
DA:36,1
DA:37,1
DA:38,1
DA:39,1
DA:41,1
DA:42,0
DA:43,0
DA:44,1
DA:45,0
DA:46,0
DA:47,0
DA:48,1
DA:49,0
DA:50,0
DA:51,1
DA:52,1
DA:53,1
DA:54,1
DA:55,1
DA:56,0
DA:57,0
DA:58,1
DA:59,0
DA:60,0
DA:61,0
DA:62,1
DA:63,0
DA:64,0
DA:65,1
DA:66,0
DA:67,0
DA:68,0
DA:69,1
DA:70,0
DA:71,0
DA:72,1
DA:73,0
DA:74,0
DA:75,0
DA:76,1
LF:56
LH:34
BRDA:21,0,0,1
BRDA:24,1,0,1
BRDA:29,2,0,1
BRDA:32,3,0,1
BRDA:51,4,0,1
BRF:5
BRH:5
end_of_record
TN:
SF:src/domain/contexts/user/staff-role/staff-role-permissions.ts
FN:59,<instance_members_initializer>
FN:62,StaffRolePermissions
FN:67,get communityPermissions
FN:73,get propertyPermissions
FN:79,get serviceTicketPermissions
FN:85,get servicePermissions
FN:91,get violationTicketPermissions
FNF:7
FNH:3
FNDA:1,<instance_members_initializer>
FNDA:1,StaffRolePermissions
FNDA:1,get communityPermissions
FNDA:0,get propertyPermissions
FNDA:0,get serviceTicketPermissions
FNDA:0,get servicePermissions
FNDA:0,get violationTicketPermissions
DA:1,1
DA:2,1
DA:7,1
DA:12,1
DA:17,1
DA:22,1
DA:56,1
DA:57,1
DA:59,1
DA:60,1
DA:62,1
DA:63,1
DA:64,1
DA:65,1
DA:67,1
DA:68,1
DA:69,1
DA:70,1
DA:71,1
DA:72,1
DA:73,1
DA:74,0
DA:75,0
DA:76,0
DA:77,0
DA:78,0
DA:79,1
DA:80,0
DA:81,0
DA:82,0
DA:83,0
DA:84,0
DA:85,1
DA:86,0
DA:87,0
DA:88,0
DA:89,0
DA:90,0
DA:91,1
DA:92,0
DA:93,0
DA:94,0
DA:95,0
DA:96,0
DA:97,1
LF:45
LH:25
BRDA:59,0,0,1
BRDA:62,1,0,1
BRDA:67,2,0,1
BRF:3
BRH:3
end_of_record
TN:
SF:src/domain/contexts/user/staff-role/staff-role-property-permissions.ts
FN:22,StaffRolePropertyPermissions
FNF:1
FNH:0
FNDA:0,StaffRolePropertyPermissions
DA:1,1
DA:17,1
DA:18,1
DA:20,1
DA:22,1
DA:23,0
DA:24,0
DA:54,1
LF:8
LH:6
BRF:0
BRH:0
end_of_record
TN:
SF:src/domain/contexts/user/staff-role/staff-role-service-permissions.ts
FN:20,StaffRoleServicePermissions
FNF:1
FNH:0
FNDA:0,StaffRoleServicePermissions
DA:1,1
DA:15,1
DA:16,1
DA:18,1
DA:20,1
DA:21,0
DA:23,0
DA:36,1
LF:8
LH:6
BRF:0
BRH:0
end_of_record
TN:
SF:src/domain/contexts/user/staff-role/staff-role-service-ticket-permissions.ts
FN:28,StaffRoleServiceTicketPermissions
FNF:1
FNH:0
FNDA:0,StaffRoleServiceTicketPermissions
DA:1,1
DA:21,1
DA:22,1
DA:24,1
DA:28,1
DA:29,0
DA:31,0
DA:84,1
LF:8
LH:6
BRF:0
BRH:0
end_of_record
TN:
SF:src/domain/contexts/user/staff-role/staff-role-violation-ticket-permissions.ts
FN:27,StaffRoleViolationTicketPermissions
FNF:1
FNH:0
FNDA:0,StaffRoleViolationTicketPermissions
DA:1,1
DA:20,1
DA:21,1
DA:23,1
DA:27,1
DA:28,0
DA:29,0
DA:30,0
DA:31,0
DA:33,0
DA:86,1
LF:11
LH:6
BRF:0
BRH:0
end_of_record
TN:
SF:src/domain/contexts/user/staff-role/staff-role.repository.ts
FN:1,(empty-report)
FNF:1
FNH:1
FNDA:1,(empty-report)
LF:0
LH:0
BRDA:1,0,0,1
BRF:1
BRH:1
end_of_record
TN:
SF:src/domain/contexts/user/staff-role/staff-role.ts
FN:30,<instance_members_initializer>
FN:33,StaffRole
FN:38,getNewInstance
FN:51,deleteAndReassignTo
FN:70,get roleName
FN:73,set roleName
FN:86,get isDefault
FN:89,set isDefault
FN:104,get permissions
FN:107,get roleType
FN:110,get createdAt
FN:113,get updatedAt
FN:116,get schemaVersion
FNF:13
FNH:6
FNDA:4,<instance_members_initializer>
FNDA:4,StaffRole
FNDA:2,getNewInstance
FNDA:0,deleteAndReassignTo
FNDA:0,get roleName
FNDA:3,set roleName
FNDA:0,get isDefault
FNDA:1,set isDefault
FNDA:1,get permissions
FNDA:0,get roleType
FNDA:0,get createdAt
FNDA:0,get updatedAt
FNDA:0,get schemaVersion
DA:1,1
DA:2,1
DA:7,1
DA:10,1
DA:27,1
DA:28,1
DA:30,4
DA:31,4
DA:32,4
DA:33,4
DA:34,4
DA:35,4
DA:36,4
DA:38,4
DA:39,2
DA:40,2
DA:41,2
DA:42,2
DA:43,2
DA:44,2
DA:45,2
DA:46,2
DA:47,2
DA:48,2
DA:49,2
DA:50,2
DA:51,4
DA:52,0
DA:53,0
DA:54,0
DA:55,0
DA:56,0
DA:57,0
DA:58,0
DA:59,0
DA:60,0
DA:61,0
DA:62,0
DA:63,0
DA:64,0
DA:65,0
DA:66,0
DA:67,0
DA:68,0
DA:70,4
DA:71,0
DA:72,0
DA:73,4
DA:74,3
DA:75,3
DA:76,1
DA:77,1
DA:78,1
DA:79,0
DA:80,1
DA:81,3
DA:82,0
DA:83,0
DA:84,3
DA:85,3
DA:86,4
DA:87,0
DA:88,0
DA:89,4
DA:90,1
DA:91,1
DA:92,0
DA:93,0
DA:94,0
DA:95,0
DA:96,0
DA:97,1
DA:98,0
DA:99,0
DA:100,0
DA:101,0
DA:102,1
DA:103,1
DA:104,4
DA:105,1
DA:106,1
DA:107,4
DA:108,0
DA:109,0
DA:110,4
DA:111,0
DA:112,0
DA:113,4
DA:114,0
DA:115,0
DA:116,4
DA:117,0
DA:118,0
DA:119,4
LF:94
LH:53
BRDA:30,0,0,4
BRDA:33,1,0,4
BRDA:38,2,0,2
BRDA:73,3,0,3
BRDA:75,4,0,1
BRDA:81,5,0,0
BRDA:77,6,0,1
BRDA:78,7,0,0
BRDA:89,8,0,1
BRDA:91,9,0,0
BRDA:97,10,0,0
BRDA:104,11,0,1
BRF:12
BRH:8
end_of_record
TN:
SF:src/domain/contexts/user/staff-role/staff-role.uow.ts
FN:1,(empty-report)
FNF:1
FNH:1
FNDA:1,(empty-report)
LF:0
LH:0
BRDA:1,0,0,1
BRF:1
BRH:1
end_of_record
TN:
SF:src/domain/contexts/user/staff-role/staff-role.value-objects.ts
FNF:0
FNH:0
DA:1,1
DA:3,1
DA:4,1
DA:5,1
DA:6,1
DA:7,1
LF:6
LH:6
BRF:0
BRH:0
end_of_record
TN:
SF:src/domain/contexts/user/staff-user/staff-user.repository.ts
FN:1,(empty-report)
FNF:1
FNH:1
FNDA:1,(empty-report)
LF:0
LH:0
BRDA:1,0,0,1
BRF:1
BRH:1
end_of_record
TN:
SF:src/domain/contexts/user/staff-user/staff-user.ts
FN:37,<instance_members_initializer>
FN:41,StaffUser
FN:46,getNewUser
FN:66,markAsNew
FN:73,validateVisa
FN:84,get role
FN:89,set role
FN:94,get firstName
FN:97,set firstName
FN:102,get lastName
FN:105,set lastName
FN:110,get email
FN:113,set email
FN:118,get displayName
FN:121,set displayName
FN:128,get externalId
FN:131,set externalId
FN:136,get accessBlocked
FN:139,set accessBlocked
FN:144,get tags
FN:147,set tags
FN:152,get userType
FN:155,get updatedAt
FN:158,get createdAt
FN:161,get schemaVersion
FNF:25
FNH:10
FNDA:5,<instance_members_initializer>
FNDA:5,StaffUser
FNDA:4,getNewUser
FNDA:4,markAsNew
FNDA:12,validateVisa
FNDA:0,get role
FNDA:0,set role
FNDA:0,get firstName
FNDA:3,set firstName
FNDA:0,get lastName
FNDA:2,set lastName
FNDA:0,get email
FNDA:2,set email
FNDA:0,get displayName
FNDA:1,set displayName
FNDA:0,get externalId
FNDA:4,set externalId
FNDA:0,get accessBlocked
FNDA:0,set accessBlocked
FNDA:0,get tags
FNDA:0,set tags
FNDA:0,get userType
FNDA:0,get updatedAt
FNDA:0,get createdAt
FNDA:0,get schemaVersion
DA:1,1
DA:2,1
DA:3,1
DA:8,1
DA:34,1
DA:35,1
DA:37,5
DA:38,5
DA:39,5
DA:41,5
DA:42,5
DA:43,5
DA:44,5
DA:46,5
DA:47,4
DA:48,4
DA:49,4
DA:50,4
DA:51,4
DA:52,4
DA:53,4
DA:54,4
DA:55,4
DA:56,4
DA:57,4
DA:58,4
DA:59,4
DA:60,4
DA:61,4
DA:62,4
DA:63,4
DA:64,4
DA:66,5
DA:67,4
DA:68,4
DA:69,4
DA:70,4
DA:71,4
DA:73,5
DA:74,12
DA:75,12
DA:76,1
DA:77,1
DA:78,1
DA:79,12
DA:80,0
DA:81,0
DA:82,12
DA:84,5
DA:85,0
DA:86,0
DA:87,0
DA:88,0
DA:89,5
DA:90,0
DA:91,0
DA:92,0
DA:94,5
DA:95,0
DA:96,0
DA:97,5
DA:98,3
DA:99,3
DA:100,3
DA:102,5
DA:103,0
DA:104,0
DA:105,5
DA:106,2
DA:107,2
DA:108,2
DA:110,5
DA:111,0
DA:112,0
DA:113,5
DA:114,2
DA:115,2
DA:116,2
DA:118,5
DA:119,0
DA:120,0
DA:121,5
DA:122,1
DA:123,1
DA:124,1
DA:125,1
DA:126,1
DA:128,5
DA:129,0
DA:130,0
DA:131,5
DA:132,4
DA:133,4
DA:134,4
DA:136,5
DA:137,0
DA:138,0
DA:139,5
DA:140,0
DA:141,0
DA:142,0
DA:144,5
DA:145,0
DA:146,0
DA:147,5
DA:148,0
DA:149,0
DA:150,0
DA:152,5
DA:153,0
DA:154,0
DA:155,5
DA:156,0
DA:157,0
DA:158,5
DA:159,0
DA:160,0
DA:161,5
DA:162,0
DA:163,0
DA:164,5
LF:121
LH:84
BRDA:37,0,0,5
BRDA:41,1,0,5
BRDA:46,2,0,4
BRDA:66,3,0,4
BRDA:73,4,0,12
BRDA:75,5,0,1
BRDA:79,6,0,0
BRDA:77,7,0,1
BRDA:97,8,0,3
BRDA:105,9,0,2
BRDA:113,10,0,2
BRDA:121,11,0,1
BRDA:131,12,0,4
BRF:13
BRH:12
end_of_record
TN:
SF:src/domain/contexts/user/staff-user/staff-user.uow.ts
FN:1,(empty-report)
FNF:1
FNH:1
FNDA:1,(empty-report)
LF:0
LH:0
BRDA:1,0,0,1
BRF:1
BRH:1
end_of_record
TN:
SF:src/domain/contexts/user/staff-user/staff-user.value-objects.ts
FNF:0
FNH:0
DA:1,1
DA:2,1
DA:3,1
DA:4,1
DA:5,1
LF:5
LH:5
BRF:0
BRH:0
end_of_record
TN:
SF:src/domain/contexts/user/vendor-user/vendor-user-contact-information.ts
FN:17,VendorUserContactInformation
FN:20,get email
FN:23,set email
FNF:3
FNH:2
FNDA:2,VendorUserContactInformation
FNDA:0,get email
FNDA:2,set email
DA:1,1
DA:2,1
DA:12,1
DA:13,1
DA:15,1
DA:17,1
DA:18,2
DA:19,2
DA:20,1
DA:21,0
DA:22,0
DA:23,1
DA:24,2
DA:25,2
DA:26,1
LF:15
LH:13
BRDA:17,0,0,2
BRDA:23,1,0,2
BRF:2
BRH:2
end_of_record
TN:
SF:src/domain/contexts/user/vendor-user/vendor-user-identity-details.ts
FN:19,VendorUserIdentityDetails
FN:22,get lastName
FN:25,set lastName
FN:29,get legalNameConsistsOfOneName
FN:32,set legalNameConsistsOfOneName
FN:36,get restOfName
FN:39,set restOfName
FNF:7
FNH:5
FNDA:7,VendorUserIdentityDetails
FNDA:0,get lastName
FNDA:3,set lastName
FNDA:2,get legalNameConsistsOfOneName
FNDA:4,set legalNameConsistsOfOneName
FNDA:0,get restOfName
FNDA:4,set restOfName
DA:1,1
DA:2,1
DA:14,1
DA:15,1
DA:17,1
DA:19,1
DA:20,7
DA:21,7
DA:22,1
DA:23,0
DA:24,0
DA:25,1
DA:26,3
DA:27,3
DA:29,1
DA:30,2
DA:31,2
DA:32,1
DA:33,4
DA:34,4
DA:36,1
DA:37,0
DA:38,0
DA:39,1
DA:40,4
DA:41,4
DA:42,0
DA:43,4
DA:44,1
LF:29
LH:24
BRDA:19,0,0,7
BRDA:25,1,0,3
BRDA:29,2,0,2
BRDA:32,3,0,4
BRDA:39,4,0,4
BRDA:41,5,0,0
BRF:6
BRH:5
end_of_record
TN:
SF:src/domain/contexts/user/vendor-user/vendor-user-personal-information.ts
FN:35,VendorUserPersonalInformation
FN:39,get identityDetails
FN:43,get contactInformation
FNF:3
FNH:3
FNDA:9,VendorUserPersonalInformation
FNDA:7,get identityDetails
FNDA:2,get contactInformation
DA:1,1
DA:2,1
DA:7,1
DA:30,1
DA:31,1
DA:33,1
DA:35,1
DA:36,9
DA:37,9
DA:39,1
DA:40,7
DA:41,7
DA:43,1
DA:44,2
DA:45,2
DA:46,1
LF:16
LH:16
BRDA:35,0,0,9
BRDA:39,1,0,7
BRDA:43,2,0,2
BRF:3
BRH:3
end_of_record
TN:
SF:src/domain/contexts/user/vendor-user/vendor-user.repository.ts
FN:1,(empty-report)
FNF:1
FNH:1
FNDA:1,(empty-report)
LF:0
LH:0
BRDA:1,0,0,1
BRF:1
BRH:1
end_of_record
TN:
SF:src/domain/contexts/user/vendor-user/vendor-user.ts
FN:34,<instance_members_initializer>
FN:38,VendorUser
FN:43,getNewUser
FN:70,markAsNew
FN:75,validateVisa
FN:86,validateVisaElevated
FN:95,get personalInformation
FN:99,get userType
FN:103,get email
FN:106,set email
FN:110,get displayName
FN:113,set displayName
FN:120,get externalId
FN:123,set externalId
FN:128,get accessBlocked
FN:131,set accessBlocked
FN:136,get tags
FN:139,set tags
FN:144,get updatedAt
FN:147,get createdAt
FN:150,get schemaVersion
FNF:21
FNH:9
FNDA:8,<instance_members_initializer>
FNDA:8,VendorUser
FNDA:6,getNewUser
FNDA:6,markAsNew
FNDA:4,validateVisa
FNDA:6,validateVisaElevated
FNDA:9,get personalInformation
FNDA:0,get userType
FNDA:0,get email
FNDA:0,set email
FNDA:0,get displayName
FNDA:4,set displayName
FNDA:0,get externalId
FNDA:6,set externalId
FNDA:0,get accessBlocked
FNDA:0,set accessBlocked
FNDA:0,get tags
FNDA:0,set tags
FNDA:0,get updatedAt
FNDA:0,get createdAt
FNDA:0,get schemaVersion
DA:1,1
DA:2,1
DA:3,1
DA:4,1
DA:31,1
DA:32,1
DA:34,8
DA:35,8
DA:36,8
DA:38,8
DA:39,8
DA:40,8
DA:41,8
DA:43,8
DA:44,6
DA:45,6
DA:46,6
DA:47,6
DA:48,6
DA:49,6
DA:50,6
DA:51,6
DA:52,6
DA:53,6
DA:55,6
DA:57,6
DA:58,4
DA:59,4
DA:60,4
DA:61,6
DA:62,1
DA:63,1
DA:64,1
DA:65,3
DA:66,3
DA:67,3
DA:68,6
DA:70,8
DA:71,6
DA:72,6
DA:73,6
DA:75,8
DA:76,4
DA:77,4
DA:78,0
DA:79,0
DA:80,0
DA:81,0
DA:82,4
DA:83,0
DA:84,0
DA:85,4
DA:86,8
DA:87,6
DA:88,6
DA:89,0
DA:90,6
DA:91,0
DA:92,0
DA:93,6
DA:95,8
DA:96,9
DA:97,9
DA:99,8
DA:100,0
DA:101,0
DA:103,8
DA:104,0
DA:105,0
DA:106,8
DA:107,0
DA:108,0
DA:110,8
DA:111,0
DA:112,0
DA:113,8
DA:114,4
DA:115,4
DA:116,4
DA:117,4
DA:118,4
DA:120,8
DA:121,0
DA:122,0
DA:123,8
DA:124,6
DA:125,6
DA:126,6
DA:128,8
DA:129,0
DA:130,0
DA:131,8
DA:132,0
DA:133,0
DA:134,0
DA:136,8
DA:137,0
DA:138,0
DA:139,8
DA:140,0
DA:141,0
DA:142,0
DA:144,8
DA:145,0
DA:146,0
DA:147,8
DA:148,0
DA:149,0
DA:150,8
DA:151,0
DA:152,0
DA:153,8
LF:112
LH:77
BRDA:34,0,0,8
BRDA:38,1,0,8
BRDA:43,2,0,6
BRDA:57,3,0,4
BRDA:61,4,0,1
BRDA:64,5,0,3
BRDA:70,6,0,6
BRDA:75,7,0,4
BRDA:77,8,0,0
BRDA:82,9,0,0
BRDA:86,10,0,6
BRDA:88,11,0,0
BRDA:90,12,0,0
BRDA:95,13,0,9
BRDA:113,14,0,4
BRDA:123,15,0,6
BRF:16
BRH:12
end_of_record
TN:
SF:src/domain/contexts/user/vendor-user/vendor-user.uow.ts
FN:1,(empty-report)
FNF:1
FNH:1
FNDA:1,(empty-report)
LF:0
LH:0
BRDA:1,0,0,1
BRF:1
BRH:1
end_of_record
TN:
SF:src/domain/contexts/user/vendor-user/vendor-user.value-objects.ts
FNF:0
FNH:0
DA:1,1
DA:2,1
DA:3,1
DA:4,1
DA:5,1
DA:6,1
DA:7,1
LF:7
LH:7
BRF:0
BRH:0
end_of_record
TN:
SF:src/domain/events/event-bus.ts
FN:1,(empty-report)
FNF:1
FNH:1
FNDA:1,(empty-report)
DA:2,0
DA:4,0
DA:5,0
LF:3
LH:0
BRDA:1,0,0,1
BRF:1
BRH:1
end_of_record
TN:
SF:src/domain/events/types/community-created.ts
FNF:0
FNH:0
DA:1,1
DA:7,1
LF:2
LH:2
BRF:0
BRH:0
end_of_record
TN:
SF:src/domain/events/types/community-domain-updated.ts
FNF:0
FNH:0
DA:1,1
DA:9,1
LF:2
LH:2
BRF:0
BRH:0
end_of_record
TN:
SF:src/domain/events/types/community-white-label-domain-updated.ts
FN:1,(empty-report)
FNF:1
FNH:0
FNDA:0,(empty-report)
DA:1,0
DA:9,0
LF:2
LH:0
BRDA:1,0,0,0
BRF:1
BRH:0
end_of_record
TN:
SF:src/domain/events/types/end-user-created.ts
FNF:0
FNH:0
DA:1,1
DA:7,1
LF:2
LH:2
BRF:0
BRH:0
end_of_record
TN:
SF:src/domain/events/types/property-created.ts
FN:1,(empty-report)
FNF:1
FNH:0
FNDA:0,(empty-report)
DA:1,0
DA:7,0
LF:2
LH:0
BRDA:1,0,0,0
BRF:1
BRH:0
end_of_record
TN:
SF:src/domain/events/types/property-deleted.ts
FN:1,(empty-report)
FNF:1
FNH:0
FNDA:0,(empty-report)
DA:1,0
DA:7,0
LF:2
LH:0
BRDA:1,0,0,0
BRF:1
BRH:0
end_of_record
TN:
SF:src/domain/events/types/property-updated.ts
FN:1,(empty-report)
FNF:1
FNH:0
FNDA:0,(empty-report)
DA:1,0
DA:7,0
LF:2
LH:0
BRDA:1,0,0,0
BRF:1
BRH:0
end_of_record
TN:
SF:src/domain/events/types/role-deleted-reassign.ts
FNF:0
FNH:0
DA:1,1
DA:8,1
LF:2
LH:2
BRF:0
BRH:0
end_of_record
TN:
SF:src/domain/events/types/service-ticket-v1-created.ts
FN:1,(empty-report)
FNF:1
FNH:0
FNDA:0,(empty-report)
DA:1,0
DA:7,0
LF:2
LH:0
BRDA:1,0,0,0
BRF:1
BRH:0
end_of_record
TN:
SF:src/domain/events/types/service-ticket-v1-deleted.ts
FN:1,(empty-report)
FNF:1
FNH:0
FNDA:0,(empty-report)
DA:1,0
DA:7,0
LF:2
LH:0
BRDA:1,0,0,0
BRF:1
BRH:0
end_of_record
TN:
SF:src/domain/events/types/service-ticket-v1-updated.ts
FN:1,(empty-report)
FNF:1
FNH:0
FNDA:0,(empty-report)
DA:1,0
DA:7,0
LF:2
LH:0
BRDA:1,0,0,0
BRF:1
BRH:0
end_of_record
TN:
SF:src/domain/events/types/staff-user-created.ts
FNF:0
FNH:0
DA:1,1
DA:7,1
LF:2
LH:2
BRF:0
BRH:0
end_of_record
TN:
SF:src/domain/events/types/vendor-user-created.ts
FNF:0
FNH:0
DA:1,1
DA:7,1
LF:2
LH:2
BRF:0
BRH:0
end_of_record
TN:
SF:src/domain/events/types/violation-ticket-v1-created.ts
FN:1,(empty-report)
FNF:1
FNH:0
FNDA:0,(empty-report)
DA:1,0
DA:7,0
LF:2
LH:0
BRDA:1,0,0,0
BRF:1
BRH:0
end_of_record
TN:
SF:src/domain/events/types/violation-ticket-v1-deleted.ts
FN:1,(empty-report)
FNF:1
FNH:0
FNDA:0,(empty-report)
DA:1,0
DA:7,0
LF:2
LH:0
BRDA:1,0,0,0
BRF:1
BRH:0
end_of_record
TN:
SF:src/domain/events/types/violation-ticket-v1-updated.ts
FN:1,(empty-report)
FNF:1
FNH:0
FNDA:0,(empty-report)
DA:1,0
DA:7,0
LF:2
LH:0
BRDA:1,0,0,0
BRF:1
BRH:0
end_of_record
TN:
SF:src/domain/iam/index.ts
FN:1,(empty-report)
FNF:1
FNH:0
FNDA:0,(empty-report)
DA:1,0
LF:1
LH:0
BRDA:1,0,0,0
BRF:1
BRH:0
end_of_record
TN:
SF:src/domain/iam/member/member.passport-base.ts
FN:1,(empty-report)
FNF:1
FNH:1
FNDA:1,(empty-report)
DA:5,0
DA:6,0
DA:7,0
DA:8,0
DA:10,0
DA:11,0
DA:12,0
DA:13,0
DA:14,0
DA:19,0
DA:20,0
DA:21,0
DA:22,0
DA:23,0
DA:24,0
DA:25,0
DA:26,0
DA:27,0
DA:28,0
DA:30,0
DA:31,0
DA:32,0
DA:33,0
DA:34,0
LF:24
LH:0
BRDA:1,0,0,1
BRF:1
BRH:1
end_of_record
TN:
SF:src/domain/iam/member/member.passport.ts
FN:1,(empty-report)
FNF:1
FNH:1
FNDA:1,(empty-report)
DA:5,0
DA:6,0
DA:7,0
DA:8,0
DA:10,0
DA:11,0
DA:12,0
DA:13,0
DA:15,0
DA:16,0
DA:17,0
DA:18,0
DA:19,0
DA:20,0
DA:21,0
DA:22,0
DA:23,0
DA:24,0
DA:26,0
DA:27,0
DA:28,0
DA:29,0
DA:30,0
DA:31,0
DA:32,0
DA:33,0
DA:34,0
DA:35,0
DA:37,0
DA:38,0
DA:39,0
DA:40,0
DA:41,0
DA:42,0
DA:43,0
DA:44,0
DA:45,0
DA:46,0
DA:47,0
LF:39
LH:0
BRDA:1,0,0,1
BRF:1
BRH:1
end_of_record
TN:
SF:src/domain/iam/member/contexts/member.case.visa.ts
FN:1,(empty-report)
FNF:1
FNH:1
FNDA:1,(empty-report)
LF:0
LH:0
BRDA:1,0,0,1
BRF:1
BRH:1
end_of_record
TN:
SF:src/domain/iam/member/contexts/member.community.passport.ts
FN:1,(empty-report)
FNF:1
FNH:1
FNDA:1,(empty-report)
DA:4,0
DA:5,0
DA:7,0
DA:8,0
DA:10,0
DA:11,0
DA:12,0
DA:13,0
DA:14,0
LF:9
LH:0
BRDA:1,0,0,1
BRF:1
BRH:1
end_of_record
TN:
SF:src/domain/iam/member/contexts/member.community.visa.ts
FN:1,(empty-report)
FNF:1
FNH:1
FNDA:1,(empty-report)
DA:6,0
DA:8,0
DA:9,0
DA:10,0
DA:12,0
DA:13,0
DA:14,0
DA:15,0
DA:17,0
DA:18,0
DA:19,0
DA:21,0
DA:22,0
DA:23,0
DA:24,0
DA:25,0
DA:26,0
DA:27,0
DA:28,0
DA:30,0
DA:37,0
DA:38,0
DA:39,0
DA:40,0
DA:41,0
DA:42,0
DA:44,0
DA:45,0
DA:46,0
LF:29
LH:0
BRDA:1,0,0,1
BRF:1
BRH:1
end_of_record
TN:
SF:src/domain/iam/member/contexts/member.property.visa.ts
FN:1,(empty-report)
FNF:1
FNH:1
FNDA:1,(empty-report)
LF:0
LH:0
BRDA:1,0,0,1
BRF:1
BRH:1
end_of_record
TN:
SF:src/domain/iam/member/contexts/member.service.passport.ts
FN:1,(empty-report)
FNF:1
FNH:1
FNDA:1,(empty-report)
DA:4,0
DA:5,0
DA:7,0
DA:8,0
DA:10,0
DA:11,0
DA:12,0
DA:13,0
DA:14,0
LF:9
LH:0
BRDA:1,0,0,1
BRF:1
BRH:1
end_of_record
TN:
SF:src/domain/iam/member/contexts/member.service.visa.ts
FN:1,(empty-report)
FNF:1
FNH:1
FNDA:1,(empty-report)
DA:6,0
DA:8,0
DA:9,0
DA:10,0
DA:12,0
DA:13,0
DA:14,0
DA:15,0
DA:17,0
DA:18,0
DA:19,0
DA:21,0
DA:22,0
DA:23,0
DA:24,0
DA:25,0
DA:26,0
DA:27,0
DA:28,0
DA:30,0
DA:37,0
DA:38,0
DA:39,0
DA:40,0
DA:42,0
DA:43,0
DA:44,0
LF:27
LH:0
BRDA:1,0,0,1
BRF:1
BRH:1
end_of_record
TN:
SF:src/domain/iam/member/contexts/member.user.end-user.visa.ts
FN:1,(empty-report)
FNF:1
FNH:1
FNDA:1,(empty-report)
DA:6,0
DA:8,0
DA:10,0
DA:12,0
DA:13,0
DA:14,0
DA:16,0
DA:17,0
DA:18,0
DA:19,0
DA:20,0
DA:21,0
DA:22,0
DA:23,0
DA:24,0
DA:25,0
DA:26,0
DA:28,0
DA:29,0
DA:30,0
LF:20
LH:0
BRDA:1,0,0,1
BRF:1
BRH:1
end_of_record
TN:
SF:src/domain/iam/member/contexts/member.user.passport.ts
FN:1,(empty-report)
FNF:1
FNH:1
FNDA:1,(empty-report)
DA:7,0
DA:8,0
DA:9,0
DA:10,0
DA:12,0
DA:13,0
DA:15,0
DA:16,0
DA:17,0
DA:18,0
DA:19,0
DA:20,0
DA:21,0
DA:22,0
DA:23,0
DA:24,0
DA:25,0
DA:26,0
DA:27,0
DA:28,0
LF:20
LH:0
BRDA:1,0,0,1
BRF:1
BRH:1
end_of_record
TN:
SF:src/domain/iam/member/contexts/member.user.staff-role.visa.ts
FN:1,(empty-report)
FNF:1
FNH:1
FNDA:1,(empty-report)
DA:6,0
DA:8,0
DA:10,0
DA:12,0
DA:13,0
DA:14,0
DA:16,0
DA:17,0
DA:18,0
DA:19,0
DA:20,0
DA:21,0
DA:22,0
DA:23,0
DA:24,0
DA:25,0
DA:26,0
DA:28,0
DA:29,0
DA:30,0
LF:20
LH:0
BRDA:1,0,0,1
BRF:1
BRH:1
end_of_record
TN:
SF:src/domain/iam/member/contexts/member.user.staff-user.visa.ts
FN:1,(empty-report)
FNF:1
FNH:1
FNDA:1,(empty-report)
DA:6,0
DA:8,0
DA:10,0
DA:12,0
DA:13,0
DA:14,0
DA:16,0
DA:17,0
DA:18,0
DA:19,0
DA:20,0
DA:21,0
DA:22,0
DA:23,0
DA:24,0
DA:25,0
DA:26,0
DA:28,0
DA:29,0
DA:30,0
LF:20
LH:0
BRDA:1,0,0,1
BRF:1
BRH:1
end_of_record
TN:
SF:src/domain/iam/member/contexts/member.user.vendor-user.visa.ts
FN:1,(empty-report)
FNF:1
FNH:1
FNDA:1,(empty-report)
DA:5,0
DA:7,0
DA:9,0
DA:11,0
DA:12,0
DA:13,0
DA:15,0
DA:16,0
DA:17,0
DA:18,0
DA:19,0
DA:20,0
DA:21,0
DA:22,0
DA:23,0
DA:24,0
DA:25,0
DA:27,0
DA:28,0
DA:29,0
LF:20
LH:0
BRDA:1,0,0,1
BRF:1
BRH:1
end_of_record
TN:
SF:src/domain/iam/user/staff-user.passport-base.ts
FN:1,(empty-report)
FNF:1
FNH:1
FNDA:1,(empty-report)
DA:3,0
DA:4,0
DA:5,0
DA:11,0
DA:12,0
DA:13,0
LF:6
LH:0
BRDA:1,0,0,1
BRF:1
BRH:1
end_of_record
TN:
SF:src/domain/iam/user/staff-user/contexts/staff-user.community.passport.ts
FN:1,(empty-report)
FNF:1
FNH:1
FNDA:1,(empty-report)
DA:4,0
DA:5,0
DA:7,0
DA:8,0
DA:10,0
DA:11,0
DA:12,0
DA:13,0
DA:14,0
LF:9
LH:0
BRDA:1,0,0,1
BRF:1
BRH:1
end_of_record
TN:
SF:src/domain/iam/user/staff-user/contexts/staff-user.community.visa.ts
FN:1,(empty-report)
FNF:1
FNH:1
FNDA:1,(empty-report)
DA:6,0
DA:8,0
DA:9,0
DA:10,0
DA:12,0
DA:13,0
DA:14,0
DA:15,0
DA:17,0
DA:18,0
DA:19,0
DA:21,0
DA:22,0
DA:23,0
DA:24,0
DA:25,0
DA:26,0
DA:27,0
DA:28,0
DA:30,0
DA:37,0
DA:38,0
DA:39,0
DA:40,0
DA:41,0
DA:42,0
DA:43,0
DA:44,0
DA:45,0
DA:46,0
DA:47,0
DA:48,0
DA:49,0
DA:50,0
DA:52,0
DA:53,0
DA:54,0
LF:37
LH:0
BRDA:1,0,0,1
BRF:1
BRH:1
end_of_record
